Start testing: Feb 28 23:44 UTC
----------------------------------------------------------
1/50 Testing: Pivot.Empty
1/50 Test: Pivot.Empty
Command: "/usr/bin/valgrind" "--tool=memcheck" "--leak-check=yes" "--trace-children=no" "--error-exitcode=113" "/home/codio/workspace/hw3/hw3_tests/llrec_tests/llrec_tests" "--gtest_filter=Pivot.Empty"
Directory: /home/codio/workspace/hw3/hw3_tests/llrec_tests
"Pivot.Empty" start time: Feb 28 23:44 UTC
Output:
----------------------------------------------------------
==1226== Memcheck, a memory error detector
==1226== Copyright (C) 2002-2017, and GNU GPL'd, by Julian Seward et al.
==1226== Using Valgrind-3.13.0 and LibVEX; rerun with -h for copyright info
==1226== Command: /home/codio/workspace/hw3/hw3_tests/llrec_tests/llrec_tests --gtest_filter=Pivot.Empty
==1226== 
Running main() from /home/codio/googletest/googletest/src/gtest_main.cc
Note: Google Test filter = Pivot.Empty
[==========] Running 1 test from 1 test suite.
[----------] Global test environment set-up.
[----------] 1 test from Pivot
[ RUN      ] Pivot.Empty
[       OK ] Pivot.Empty (21 ms)
[----------] 1 test from Pivot (31 ms total)

[----------] Global test environment tear-down
[==========] 1 test from 1 test suite ran. (85 ms total)
[  PASSED  ] 1 test.
==1226== 
==1226== HEAP SUMMARY:
==1226==     in use at exit: 0 bytes in 0 blocks
==1226==   total heap usage: 404 allocs, 404 frees, 133,083 bytes allocated
==1226== 
==1226== All heap blocks were freed -- no leaks are possible
==1226== 
==1226== For counts of detected and suppressed errors, rerun with: -v
==1226== ERROR SUMMARY: 0 errors from 0 contexts (suppressed: 0 from 0)
<end of output>
Test time =   1.52 sec
----------------------------------------------------------
Test Passed.
"Pivot.Empty" end time: Feb 28 23:44 UTC
"Pivot.Empty" time elapsed: 00:00:01
----------------------------------------------------------

2/50 Testing: Pivot.Size1SmallEmpty
2/50 Test: Pivot.Size1SmallEmpty
Command: "/usr/bin/valgrind" "--tool=memcheck" "--leak-check=yes" "--trace-children=no" "--error-exitcode=113" "/home/codio/workspace/hw3/hw3_tests/llrec_tests/llrec_tests" "--gtest_filter=Pivot.Size1SmallEmpty"
Directory: /home/codio/workspace/hw3/hw3_tests/llrec_tests
"Pivot.Size1SmallEmpty" start time: Feb 28 23:44 UTC
Output:
----------------------------------------------------------
==1227== Memcheck, a memory error detector
==1227== Copyright (C) 2002-2017, and GNU GPL'd, by Julian Seward et al.
==1227== Using Valgrind-3.13.0 and LibVEX; rerun with -h for copyright info
==1227== Command: /home/codio/workspace/hw3/hw3_tests/llrec_tests/llrec_tests --gtest_filter=Pivot.Size1SmallEmpty
==1227== 
Running main() from /home/codio/googletest/googletest/src/gtest_main.cc
Note: Google Test filter = Pivot.Size1SmallEmpty
[==========] Running 1 test from 1 test suite.
[----------] Global test environment set-up.
[----------] 1 test from Pivot
[ RUN      ] Pivot.Size1SmallEmpty
[       OK ] Pivot.Size1SmallEmpty (34 ms)
[----------] 1 test from Pivot (43 ms total)

[----------] Global test environment tear-down
[==========] 1 test from 1 test suite ran. (98 ms total)
[  PASSED  ] 1 test.
==1227== 
==1227== HEAP SUMMARY:
==1227==     in use at exit: 0 bytes in 0 blocks
==1227==   total heap usage: 413 allocs, 413 frees, 133,328 bytes allocated
==1227== 
==1227== All heap blocks were freed -- no leaks are possible
==1227== 
==1227== For counts of detected and suppressed errors, rerun with: -v
==1227== ERROR SUMMARY: 0 errors from 0 contexts (suppressed: 0 from 0)
<end of output>
Test time =   1.51 sec
----------------------------------------------------------
Test Passed.
"Pivot.Size1SmallEmpty" end time: Feb 28 23:44 UTC
"Pivot.Size1SmallEmpty" time elapsed: 00:00:01
----------------------------------------------------------

3/50 Testing: Pivot.Size1LargeEmpty
3/50 Test: Pivot.Size1LargeEmpty
Command: "/usr/bin/valgrind" "--tool=memcheck" "--leak-check=yes" "--trace-children=no" "--error-exitcode=113" "/home/codio/workspace/hw3/hw3_tests/llrec_tests/llrec_tests" "--gtest_filter=Pivot.Size1LargeEmpty"
Directory: /home/codio/workspace/hw3/hw3_tests/llrec_tests
"Pivot.Size1LargeEmpty" start time: Feb 28 23:44 UTC
Output:
----------------------------------------------------------
==1228== Memcheck, a memory error detector
==1228== Copyright (C) 2002-2017, and GNU GPL'd, by Julian Seward et al.
==1228== Using Valgrind-3.13.0 and LibVEX; rerun with -h for copyright info
==1228== Command: /home/codio/workspace/hw3/hw3_tests/llrec_tests/llrec_tests --gtest_filter=Pivot.Size1LargeEmpty
==1228== 
Running main() from /home/codio/googletest/googletest/src/gtest_main.cc
Note: Google Test filter = Pivot.Size1LargeEmpty
[==========] Running 1 test from 1 test suite.
[----------] Global test environment set-up.
[----------] 1 test from Pivot
[ RUN      ] Pivot.Size1LargeEmpty
[       OK ] Pivot.Size1LargeEmpty (30 ms)
[----------] 1 test from Pivot (39 ms total)

[----------] Global test environment tear-down
[==========] 1 test from 1 test suite ran. (89 ms total)
[  PASSED  ] 1 test.
==1228== 
==1228== HEAP SUMMARY:
==1228==     in use at exit: 0 bytes in 0 blocks
==1228==   total heap usage: 413 allocs, 413 frees, 133,328 bytes allocated
==1228== 
==1228== All heap blocks were freed -- no leaks are possible
==1228== 
==1228== For counts of detected and suppressed errors, rerun with: -v
==1228== ERROR SUMMARY: 0 errors from 0 contexts (suppressed: 0 from 0)
<end of output>
Test time =   1.45 sec
----------------------------------------------------------
Test Passed.
"Pivot.Size1LargeEmpty" end time: Feb 28 23:44 UTC
"Pivot.Size1LargeEmpty" time elapsed: 00:00:01
----------------------------------------------------------

4/50 Testing: Pivot.Size2SmallLarge
4/50 Test: Pivot.Size2SmallLarge
Command: "/usr/bin/valgrind" "--tool=memcheck" "--leak-check=yes" "--trace-children=no" "--error-exitcode=113" "/home/codio/workspace/hw3/hw3_tests/llrec_tests/llrec_tests" "--gtest_filter=Pivot.Size2SmallLarge"
Directory: /home/codio/workspace/hw3/hw3_tests/llrec_tests
"Pivot.Size2SmallLarge" start time: Feb 28 23:44 UTC
Output:
----------------------------------------------------------
==1229== Memcheck, a memory error detector
==1229== Copyright (C) 2002-2017, and GNU GPL'd, by Julian Seward et al.
==1229== Using Valgrind-3.13.0 and LibVEX; rerun with -h for copyright info
==1229== Command: /home/codio/workspace/hw3/hw3_tests/llrec_tests/llrec_tests --gtest_filter=Pivot.Size2SmallLarge
==1229== 
Running main() from /home/codio/googletest/googletest/src/gtest_main.cc
Note: Google Test filter = Pivot.Size2SmallLarge
[==========] Running 1 test from 1 test suite.
[----------] Global test environment set-up.
[----------] 1 test from Pivot
[ RUN      ] Pivot.Size2SmallLarge
[       OK ] Pivot.Size2SmallLarge (31 ms)
[----------] 1 test from Pivot (40 ms total)

[----------] Global test environment tear-down
[==========] 1 test from 1 test suite ran. (91 ms total)
[  PASSED  ] 1 test.
==1229== 
==1229== HEAP SUMMARY:
==1229==     in use at exit: 0 bytes in 0 blocks
==1229==   total heap usage: 415 allocs, 415 frees, 133,352 bytes allocated
==1229== 
==1229== All heap blocks were freed -- no leaks are possible
==1229== 
==1229== For counts of detected and suppressed errors, rerun with: -v
==1229== ERROR SUMMARY: 0 errors from 0 contexts (suppressed: 0 from 0)
<end of output>
Test time =   1.44 sec
----------------------------------------------------------
Test Passed.
"Pivot.Size2SmallLarge" end time: Feb 28 23:44 UTC
"Pivot.Size2SmallLarge" time elapsed: 00:00:01
----------------------------------------------------------

5/50 Testing: Pivot.Size2LargeSmall
5/50 Test: Pivot.Size2LargeSmall
Command: "/usr/bin/valgrind" "--tool=memcheck" "--leak-check=yes" "--trace-children=no" "--error-exitcode=113" "/home/codio/workspace/hw3/hw3_tests/llrec_tests/llrec_tests" "--gtest_filter=Pivot.Size2LargeSmall"
Directory: /home/codio/workspace/hw3/hw3_tests/llrec_tests
"Pivot.Size2LargeSmall" start time: Feb 28 23:44 UTC
Output:
----------------------------------------------------------
==1230== Memcheck, a memory error detector
==1230== Copyright (C) 2002-2017, and GNU GPL'd, by Julian Seward et al.
==1230== Using Valgrind-3.13.0 and LibVEX; rerun with -h for copyright info
==1230== Command: /home/codio/workspace/hw3/hw3_tests/llrec_tests/llrec_tests --gtest_filter=Pivot.Size2LargeSmall
==1230== 
Running main() from /home/codio/googletest/googletest/src/gtest_main.cc
Note: Google Test filter = Pivot.Size2LargeSmall
[==========] Running 1 test from 1 test suite.
[----------] Global test environment set-up.
[----------] 1 test from Pivot
[ RUN      ] Pivot.Size2LargeSmall
[       OK ] Pivot.Size2LargeSmall (31 ms)
[----------] 1 test from Pivot (40 ms total)

[----------] Global test environment tear-down
[==========] 1 test from 1 test suite ran. (90 ms total)
[  PASSED  ] 1 test.
==1230== 
==1230== HEAP SUMMARY:
==1230==     in use at exit: 0 bytes in 0 blocks
==1230==   total heap usage: 415 allocs, 415 frees, 133,352 bytes allocated
==1230== 
==1230== All heap blocks were freed -- no leaks are possible
==1230== 
==1230== For counts of detected and suppressed errors, rerun with: -v
==1230== ERROR SUMMARY: 0 errors from 0 contexts (suppressed: 0 from 0)
<end of output>
Test time =   1.52 sec
----------------------------------------------------------
Test Passed.
"Pivot.Size2LargeSmall" end time: Feb 28 23:44 UTC
"Pivot.Size2LargeSmall" time elapsed: 00:00:01
----------------------------------------------------------

6/50 Testing: Pivot.Size3LargeSmallLarge
6/50 Test: Pivot.Size3LargeSmallLarge
Command: "/usr/bin/valgrind" "--tool=memcheck" "--leak-check=yes" "--trace-children=no" "--error-exitcode=113" "/home/codio/workspace/hw3/hw3_tests/llrec_tests/llrec_tests" "--gtest_filter=Pivot.Size3LargeSmallLarge"
Directory: /home/codio/workspace/hw3/hw3_tests/llrec_tests
"Pivot.Size3LargeSmallLarge" start time: Feb 28 23:44 UTC
Output:
----------------------------------------------------------
==1231== Memcheck, a memory error detector
==1231== Copyright (C) 2002-2017, and GNU GPL'd, by Julian Seward et al.
==1231== Using Valgrind-3.13.0 and LibVEX; rerun with -h for copyright info
==1231== Command: /home/codio/workspace/hw3/hw3_tests/llrec_tests/llrec_tests --gtest_filter=Pivot.Size3LargeSmallLarge
==1231== 
Running main() from /home/codio/googletest/googletest/src/gtest_main.cc
Note: Google Test filter = Pivot.Size3LargeSmallLarge
[==========] Running 1 test from 1 test suite.
[----------] Global test environment set-up.
[----------] 1 test from Pivot
[ RUN      ] Pivot.Size3LargeSmallLarge
[       OK ] Pivot.Size3LargeSmallLarge (31 ms)
[----------] 1 test from Pivot (40 ms total)

[----------] Global test environment tear-down
[==========] 1 test from 1 test suite ran. (89 ms total)
[  PASSED  ] 1 test.
==1231== 
==1231== HEAP SUMMARY:
==1231==     in use at exit: 0 bytes in 0 blocks
==1231==   total heap usage: 416 allocs, 416 frees, 133,426 bytes allocated
==1231== 
==1231== All heap blocks were freed -- no leaks are possible
==1231== 
==1231== For counts of detected and suppressed errors, rerun with: -v
==1231== ERROR SUMMARY: 0 errors from 0 contexts (suppressed: 0 from 0)
<end of output>
Test time =   1.41 sec
----------------------------------------------------------
Test Passed.
"Pivot.Size3LargeSmallLarge" end time: Feb 28 23:45 UTC
"Pivot.Size3LargeSmallLarge" time elapsed: 00:00:01
----------------------------------------------------------

7/50 Testing: Pivot.Size3SmallLargeSmall
7/50 Test: Pivot.Size3SmallLargeSmall
Command: "/usr/bin/valgrind" "--tool=memcheck" "--leak-check=yes" "--trace-children=no" "--error-exitcode=113" "/home/codio/workspace/hw3/hw3_tests/llrec_tests/llrec_tests" "--gtest_filter=Pivot.Size3SmallLargeSmall"
Directory: /home/codio/workspace/hw3/hw3_tests/llrec_tests
"Pivot.Size3SmallLargeSmall" start time: Feb 28 23:45 UTC
Output:
----------------------------------------------------------
==1232== Memcheck, a memory error detector
==1232== Copyright (C) 2002-2017, and GNU GPL'd, by Julian Seward et al.
==1232== Using Valgrind-3.13.0 and LibVEX; rerun with -h for copyright info
==1232== Command: /home/codio/workspace/hw3/hw3_tests/llrec_tests/llrec_tests --gtest_filter=Pivot.Size3SmallLargeSmall
==1232== 
Running main() from /home/codio/googletest/googletest/src/gtest_main.cc
Note: Google Test filter = Pivot.Size3SmallLargeSmall
[==========] Running 1 test from 1 test suite.
[----------] Global test environment set-up.
[----------] 1 test from Pivot
[ RUN      ] Pivot.Size3SmallLargeSmall
[       OK ] Pivot.Size3SmallLargeSmall (31 ms)
[----------] 1 test from Pivot (40 ms total)

[----------] Global test environment tear-down
[==========] 1 test from 1 test suite ran. (91 ms total)
[  PASSED  ] 1 test.
==1232== 
==1232== HEAP SUMMARY:
==1232==     in use at exit: 0 bytes in 0 blocks
==1232==   total heap usage: 416 allocs, 416 frees, 133,426 bytes allocated
==1232== 
==1232== All heap blocks were freed -- no leaks are possible
==1232== 
==1232== For counts of detected and suppressed errors, rerun with: -v
==1232== ERROR SUMMARY: 0 errors from 0 contexts (suppressed: 0 from 0)
<end of output>
Test time =   1.46 sec
----------------------------------------------------------
Test Passed.
"Pivot.Size3SmallLargeSmall" end time: Feb 28 23:45 UTC
"Pivot.Size3SmallLargeSmall" time elapsed: 00:00:01
----------------------------------------------------------

8/50 Testing: Pivot.Size3LargeLargeSmall
8/50 Test: Pivot.Size3LargeLargeSmall
Command: "/usr/bin/valgrind" "--tool=memcheck" "--leak-check=yes" "--trace-children=no" "--error-exitcode=113" "/home/codio/workspace/hw3/hw3_tests/llrec_tests/llrec_tests" "--gtest_filter=Pivot.Size3LargeLargeSmall"
Directory: /home/codio/workspace/hw3/hw3_tests/llrec_tests
"Pivot.Size3LargeLargeSmall" start time: Feb 28 23:45 UTC
Output:
----------------------------------------------------------
==1233== Memcheck, a memory error detector
==1233== Copyright (C) 2002-2017, and GNU GPL'd, by Julian Seward et al.
==1233== Using Valgrind-3.13.0 and LibVEX; rerun with -h for copyright info
==1233== Command: /home/codio/workspace/hw3/hw3_tests/llrec_tests/llrec_tests --gtest_filter=Pivot.Size3LargeLargeSmall
==1233== 
Running main() from /home/codio/googletest/googletest/src/gtest_main.cc
Note: Google Test filter = Pivot.Size3LargeLargeSmall
[==========] Running 1 test from 1 test suite.
[----------] Global test environment set-up.
[----------] 1 test from Pivot
[ RUN      ] Pivot.Size3LargeLargeSmall
[       OK ] Pivot.Size3LargeLargeSmall (31 ms)
[----------] 1 test from Pivot (40 ms total)

[----------] Global test environment tear-down
[==========] 1 test from 1 test suite ran. (90 ms total)
[  PASSED  ] 1 test.
==1233== 
==1233== HEAP SUMMARY:
==1233==     in use at exit: 0 bytes in 0 blocks
==1233==   total heap usage: 416 allocs, 416 frees, 133,426 bytes allocated
==1233== 
==1233== All heap blocks were freed -- no leaks are possible
==1233== 
==1233== For counts of detected and suppressed errors, rerun with: -v
==1233== ERROR SUMMARY: 0 errors from 0 contexts (suppressed: 0 from 0)
<end of output>
Test time =   1.43 sec
----------------------------------------------------------
Test Passed.
"Pivot.Size3LargeLargeSmall" end time: Feb 28 23:45 UTC
"Pivot.Size3LargeLargeSmall" time elapsed: 00:00:01
----------------------------------------------------------

9/50 Testing: Pivot.Size6SmallThenLarge
9/50 Test: Pivot.Size6SmallThenLarge
Command: "/usr/bin/valgrind" "--tool=memcheck" "--leak-check=yes" "--trace-children=no" "--error-exitcode=113" "/home/codio/workspace/hw3/hw3_tests/llrec_tests/llrec_tests" "--gtest_filter=Pivot.Size6SmallThenLarge"
Directory: /home/codio/workspace/hw3/hw3_tests/llrec_tests
"Pivot.Size6SmallThenLarge" start time: Feb 28 23:45 UTC
Output:
----------------------------------------------------------
==1234== Memcheck, a memory error detector
==1234== Copyright (C) 2002-2017, and GNU GPL'd, by Julian Seward et al.
==1234== Using Valgrind-3.13.0 and LibVEX; rerun with -h for copyright info
==1234== Command: /home/codio/workspace/hw3/hw3_tests/llrec_tests/llrec_tests --gtest_filter=Pivot.Size6SmallThenLarge
==1234== 
Running main() from /home/codio/googletest/googletest/src/gtest_main.cc
Note: Google Test filter = Pivot.Size6SmallThenLarge
[==========] Running 1 test from 1 test suite.
[----------] Global test environment set-up.
[----------] 1 test from Pivot
[ RUN      ] Pivot.Size6SmallThenLarge
[       OK ] Pivot.Size6SmallThenLarge (31 ms)
[----------] 1 test from Pivot (40 ms total)

[----------] Global test environment tear-down
[==========] 1 test from 1 test suite ran. (90 ms total)
[  PASSED  ] 1 test.
==1234== 
==1234== HEAP SUMMARY:
==1234==     in use at exit: 0 bytes in 0 blocks
==1234==   total heap usage: 419 allocs, 419 frees, 133,488 bytes allocated
==1234== 
==1234== All heap blocks were freed -- no leaks are possible
==1234== 
==1234== For counts of detected and suppressed errors, rerun with: -v
==1234== ERROR SUMMARY: 0 errors from 0 contexts (suppressed: 0 from 0)
<end of output>
Test time =   1.42 sec
----------------------------------------------------------
Test Passed.
"Pivot.Size6SmallThenLarge" end time: Feb 28 23:45 UTC
"Pivot.Size6SmallThenLarge" time elapsed: 00:00:01
----------------------------------------------------------

10/50 Testing: Pivot.Size6LargeThenSmall
10/50 Test: Pivot.Size6LargeThenSmall
Command: "/usr/bin/valgrind" "--tool=memcheck" "--leak-check=yes" "--trace-children=no" "--error-exitcode=113" "/home/codio/workspace/hw3/hw3_tests/llrec_tests/llrec_tests" "--gtest_filter=Pivot.Size6LargeThenSmall"
Directory: /home/codio/workspace/hw3/hw3_tests/llrec_tests
"Pivot.Size6LargeThenSmall" start time: Feb 28 23:45 UTC
Output:
----------------------------------------------------------
==1235== Memcheck, a memory error detector
==1235== Copyright (C) 2002-2017, and GNU GPL'd, by Julian Seward et al.
==1235== Using Valgrind-3.13.0 and LibVEX; rerun with -h for copyright info
==1235== Command: /home/codio/workspace/hw3/hw3_tests/llrec_tests/llrec_tests --gtest_filter=Pivot.Size6LargeThenSmall
==1235== 
Running main() from /home/codio/googletest/googletest/src/gtest_main.cc
Note: Google Test filter = Pivot.Size6LargeThenSmall
[==========] Running 1 test from 1 test suite.
[----------] Global test environment set-up.
[----------] 1 test from Pivot
[ RUN      ] Pivot.Size6LargeThenSmall
[       OK ] Pivot.Size6LargeThenSmall (32 ms)
[----------] 1 test from Pivot (42 ms total)

[----------] Global test environment tear-down
[==========] 1 test from 1 test suite ran. (92 ms total)
[  PASSED  ] 1 test.
==1235== 
==1235== HEAP SUMMARY:
==1235==     in use at exit: 0 bytes in 0 blocks
==1235==   total heap usage: 419 allocs, 419 frees, 133,488 bytes allocated
==1235== 
==1235== All heap blocks were freed -- no leaks are possible
==1235== 
==1235== For counts of detected and suppressed errors, rerun with: -v
==1235== ERROR SUMMARY: 0 errors from 0 contexts (suppressed: 0 from 0)
<end of output>
Test time =   1.42 sec
----------------------------------------------------------
Test Passed.
"Pivot.Size6LargeThenSmall" end time: Feb 28 23:45 UTC
"Pivot.Size6LargeThenSmall" time elapsed: 00:00:01
----------------------------------------------------------

11/50 Testing: Pivot.Nominal
11/50 Test: Pivot.Nominal
Command: "/usr/bin/valgrind" "--tool=memcheck" "--leak-check=yes" "--trace-children=no" "--error-exitcode=113" "/home/codio/workspace/hw3/hw3_tests/llrec_tests/llrec_tests" "--gtest_filter=Pivot.Nominal"
Directory: /home/codio/workspace/hw3/hw3_tests/llrec_tests
"Pivot.Nominal" start time: Feb 28 23:45 UTC
Output:
----------------------------------------------------------
==1236== Memcheck, a memory error detector
==1236== Copyright (C) 2002-2017, and GNU GPL'd, by Julian Seward et al.
==1236== Using Valgrind-3.13.0 and LibVEX; rerun with -h for copyright info
==1236== Command: /home/codio/workspace/hw3/hw3_tests/llrec_tests/llrec_tests --gtest_filter=Pivot.Nominal
==1236== 
Running main() from /home/codio/googletest/googletest/src/gtest_main.cc
Note: Google Test filter = Pivot.Nominal
[==========] Running 1 test from 1 test suite.
[----------] Global test environment set-up.
[----------] 1 test from Pivot
[ RUN      ] Pivot.Nominal
[       OK ] Pivot.Nominal (31 ms)
[----------] 1 test from Pivot (40 ms total)

[----------] Global test environment tear-down
[==========] 1 test from 1 test suite ran. (91 ms total)
[  PASSED  ] 1 test.
==1236== 
==1236== HEAP SUMMARY:
==1236==     in use at exit: 0 bytes in 0 blocks
==1236==   total heap usage: 411 allocs, 411 frees, 133,189 bytes allocated
==1236== 
==1236== All heap blocks were freed -- no leaks are possible
==1236== 
==1236== For counts of detected and suppressed errors, rerun with: -v
==1236== ERROR SUMMARY: 0 errors from 0 contexts (suppressed: 0 from 0)
<end of output>
Test time =   1.44 sec
----------------------------------------------------------
Test Passed.
"Pivot.Nominal" end time: Feb 28 23:45 UTC
"Pivot.Nominal" time elapsed: 00:00:01
----------------------------------------------------------

12/50 Testing: Pivot.SameValues
12/50 Test: Pivot.SameValues
Command: "/usr/bin/valgrind" "--tool=memcheck" "--leak-check=yes" "--trace-children=no" "--error-exitcode=113" "/home/codio/workspace/hw3/hw3_tests/llrec_tests/llrec_tests" "--gtest_filter=Pivot.SameValues"
Directory: /home/codio/workspace/hw3/hw3_tests/llrec_tests
"Pivot.SameValues" start time: Feb 28 23:45 UTC
Output:
----------------------------------------------------------
==1237== Memcheck, a memory error detector
==1237== Copyright (C) 2002-2017, and GNU GPL'd, by Julian Seward et al.
==1237== Using Valgrind-3.13.0 and LibVEX; rerun with -h for copyright info
==1237== Command: /home/codio/workspace/hw3/hw3_tests/llrec_tests/llrec_tests --gtest_filter=Pivot.SameValues
==1237== 
Running main() from /home/codio/googletest/googletest/src/gtest_main.cc
Note: Google Test filter = Pivot.SameValues
[==========] Running 1 test from 1 test suite.
[----------] Global test environment set-up.
[----------] 1 test from Pivot
[ RUN      ] Pivot.SameValues
[       OK ] Pivot.SameValues (30 ms)
[----------] 1 test from Pivot (40 ms total)

[----------] Global test environment tear-down
[==========] 1 test from 1 test suite ran. (90 ms total)
[  PASSED  ] 1 test.
==1237== 
==1237== HEAP SUMMARY:
==1237==     in use at exit: 0 bytes in 0 blocks
==1237==   total heap usage: 416 allocs, 416 frees, 133,350 bytes allocated
==1237== 
==1237== All heap blocks were freed -- no leaks are possible
==1237== 
==1237== For counts of detected and suppressed errors, rerun with: -v
==1237== ERROR SUMMARY: 0 errors from 0 contexts (suppressed: 0 from 0)
<end of output>
Test time =   1.44 sec
----------------------------------------------------------
Test Passed.
"Pivot.SameValues" end time: Feb 28 23:45 UTC
"Pivot.SameValues" time elapsed: 00:00:01
----------------------------------------------------------

13/50 Testing: Pivot.NoCopySameNodeCheck
13/50 Test: Pivot.NoCopySameNodeCheck
Command: "/usr/bin/valgrind" "--tool=memcheck" "--leak-check=yes" "--trace-children=no" "--error-exitcode=113" "/home/codio/workspace/hw3/hw3_tests/llrec_tests/llrec_tests" "--gtest_filter=Pivot.NoCopySameNodeCheck"
Directory: /home/codio/workspace/hw3/hw3_tests/llrec_tests
"Pivot.NoCopySameNodeCheck" start time: Feb 28 23:45 UTC
Output:
----------------------------------------------------------
==1238== Memcheck, a memory error detector
==1238== Copyright (C) 2002-2017, and GNU GPL'd, by Julian Seward et al.
==1238== Using Valgrind-3.13.0 and LibVEX; rerun with -h for copyright info
==1238== Command: /home/codio/workspace/hw3/hw3_tests/llrec_tests/llrec_tests --gtest_filter=Pivot.NoCopySameNodeCheck
==1238== 
Running main() from /home/codio/googletest/googletest/src/gtest_main.cc
Note: Google Test filter = Pivot.NoCopySameNodeCheck
[==========] Running 1 test from 1 test suite.
[----------] Global test environment set-up.
[----------] 1 test from Pivot
[ RUN      ] Pivot.NoCopySameNodeCheck
[       OK ] Pivot.NoCopySameNodeCheck (45 ms)
[----------] 1 test from Pivot (54 ms total)

[----------] Global test environment tear-down
[==========] 1 test from 1 test suite ran. (104 ms total)
[  PASSED  ] 1 test.
==1238== 
==1238== HEAP SUMMARY:
==1238==     in use at exit: 0 bytes in 0 blocks
==1238==   total heap usage: 420 allocs, 420 frees, 133,496 bytes allocated
==1238== 
==1238== All heap blocks were freed -- no leaks are possible
==1238== 
==1238== For counts of detected and suppressed errors, rerun with: -v
==1238== ERROR SUMMARY: 0 errors from 0 contexts (suppressed: 0 from 0)
<end of output>
Test time =   1.46 sec
----------------------------------------------------------
Test Passed.
"Pivot.NoCopySameNodeCheck" end time: Feb 28 23:45 UTC
"Pivot.NoCopySameNodeCheck" time elapsed: 00:00:01
----------------------------------------------------------

14/50 Testing: Filter.EmptyList
14/50 Test: Filter.EmptyList
Command: "/usr/bin/valgrind" "--tool=memcheck" "--leak-check=yes" "--trace-children=no" "--error-exitcode=113" "/home/codio/workspace/hw3/hw3_tests/llrec_tests/llrec_tests" "--gtest_filter=Filter.EmptyList"
Directory: /home/codio/workspace/hw3/hw3_tests/llrec_tests
"Filter.EmptyList" start time: Feb 28 23:45 UTC
Output:
----------------------------------------------------------
==1239== Memcheck, a memory error detector
==1239== Copyright (C) 2002-2017, and GNU GPL'd, by Julian Seward et al.
==1239== Using Valgrind-3.13.0 and LibVEX; rerun with -h for copyright info
==1239== Command: /home/codio/workspace/hw3/hw3_tests/llrec_tests/llrec_tests --gtest_filter=Filter.EmptyList
==1239== 
Running main() from /home/codio/googletest/googletest/src/gtest_main.cc
Note: Google Test filter = Filter.EmptyList
[==========] Running 1 test from 1 test suite.
[----------] Global test environment set-up.
[----------] 1 test from Filter
[ RUN      ] Filter.EmptyList
[       OK ] Filter.EmptyList (23 ms)
[----------] 1 test from Filter (32 ms total)

[----------] Global test environment tear-down
[==========] 1 test from 1 test suite ran. (83 ms total)
[  PASSED  ] 1 test.
==1239== 
==1239== HEAP SUMMARY:
==1239==     in use at exit: 0 bytes in 0 blocks
==1239==   total heap usage: 410 allocs, 410 frees, 133,254 bytes allocated
==1239== 
==1239== All heap blocks were freed -- no leaks are possible
==1239== 
==1239== For counts of detected and suppressed errors, rerun with: -v
==1239== ERROR SUMMARY: 0 errors from 0 contexts (suppressed: 0 from 0)
<end of output>
Test time =   1.52 sec
----------------------------------------------------------
Test Passed.
"Filter.EmptyList" end time: Feb 28 23:45 UTC
"Filter.EmptyList" time elapsed: 00:00:01
----------------------------------------------------------

15/50 Testing: Filter.Size1_F
15/50 Test: Filter.Size1_F
Command: "/usr/bin/valgrind" "--tool=memcheck" "--leak-check=yes" "--trace-children=no" "--error-exitcode=113" "/home/codio/workspace/hw3/hw3_tests/llrec_tests/llrec_tests" "--gtest_filter=Filter.Size1_F"
Directory: /home/codio/workspace/hw3/hw3_tests/llrec_tests
"Filter.Size1_F" start time: Feb 28 23:45 UTC
Output:
----------------------------------------------------------
==1240== Memcheck, a memory error detector
==1240== Copyright (C) 2002-2017, and GNU GPL'd, by Julian Seward et al.
==1240== Using Valgrind-3.13.0 and LibVEX; rerun with -h for copyright info
==1240== Command: /home/codio/workspace/hw3/hw3_tests/llrec_tests/llrec_tests --gtest_filter=Filter.Size1_F
==1240== 
Running main() from /home/codio/googletest/googletest/src/gtest_main.cc
Note: Google Test filter = Filter.Size1_F
[==========] Running 1 test from 1 test suite.
[----------] Global test environment set-up.
[----------] 1 test from Filter
[ RUN      ] Filter.Size1_F
[       OK ] Filter.Size1_F (29 ms)
[----------] 1 test from Filter (38 ms total)

[----------] Global test environment tear-down
[==========] 1 test from 1 test suite ran. (87 ms total)
[  PASSED  ] 1 test.
==1240== 
==1240== HEAP SUMMARY:
==1240==     in use at exit: 0 bytes in 0 blocks
==1240==   total heap usage: 407 allocs, 407 frees, 133,122 bytes allocated
==1240== 
==1240== All heap blocks were freed -- no leaks are possible
==1240== 
==1240== For counts of detected and suppressed errors, rerun with: -v
==1240== ERROR SUMMARY: 0 errors from 0 contexts (suppressed: 0 from 0)
<end of output>
Test time =   1.40 sec
----------------------------------------------------------
Test Passed.
"Filter.Size1_F" end time: Feb 28 23:45 UTC
"Filter.Size1_F" time elapsed: 00:00:01
----------------------------------------------------------

16/50 Testing: Filter.Size1_nF
16/50 Test: Filter.Size1_nF
Command: "/usr/bin/valgrind" "--tool=memcheck" "--leak-check=yes" "--trace-children=no" "--error-exitcode=113" "/home/codio/workspace/hw3/hw3_tests/llrec_tests/llrec_tests" "--gtest_filter=Filter.Size1_nF"
Directory: /home/codio/workspace/hw3/hw3_tests/llrec_tests
"Filter.Size1_nF" start time: Feb 28 23:45 UTC
Output:
----------------------------------------------------------
==1241== Memcheck, a memory error detector
==1241== Copyright (C) 2002-2017, and GNU GPL'd, by Julian Seward et al.
==1241== Using Valgrind-3.13.0 and LibVEX; rerun with -h for copyright info
==1241== Command: /home/codio/workspace/hw3/hw3_tests/llrec_tests/llrec_tests --gtest_filter=Filter.Size1_nF
==1241== 
Running main() from /home/codio/googletest/googletest/src/gtest_main.cc
Note: Google Test filter = Filter.Size1_nF
[==========] Running 1 test from 1 test suite.
[----------] Global test environment set-up.
[----------] 1 test from Filter
[ RUN      ] Filter.Size1_nF
[       OK ] Filter.Size1_nF (35 ms)
[----------] 1 test from Filter (46 ms total)

[----------] Global test environment tear-down
[==========] 1 test from 1 test suite ran. (100 ms total)
[  PASSED  ] 1 test.
==1241== 
==1241== HEAP SUMMARY:
==1241==     in use at exit: 0 bytes in 0 blocks
==1241==   total heap usage: 408 allocs, 408 frees, 133,131 bytes allocated
==1241== 
==1241== All heap blocks were freed -- no leaks are possible
==1241== 
==1241== For counts of detected and suppressed errors, rerun with: -v
==1241== ERROR SUMMARY: 0 errors from 0 contexts (suppressed: 0 from 0)
<end of output>
Test time =   1.51 sec
----------------------------------------------------------
Test Passed.
"Filter.Size1_nF" end time: Feb 28 23:45 UTC
"Filter.Size1_nF" time elapsed: 00:00:01
----------------------------------------------------------

17/50 Testing: Filter.Size2_F_nF
17/50 Test: Filter.Size2_F_nF
Command: "/usr/bin/valgrind" "--tool=memcheck" "--leak-check=yes" "--trace-children=no" "--error-exitcode=113" "/home/codio/workspace/hw3/hw3_tests/llrec_tests/llrec_tests" "--gtest_filter=Filter.Size2_F_nF"
Directory: /home/codio/workspace/hw3/hw3_tests/llrec_tests
"Filter.Size2_F_nF" start time: Feb 28 23:45 UTC
Output:
----------------------------------------------------------
==1242== Memcheck, a memory error detector
==1242== Copyright (C) 2002-2017, and GNU GPL'd, by Julian Seward et al.
==1242== Using Valgrind-3.13.0 and LibVEX; rerun with -h for copyright info
==1242== Command: /home/codio/workspace/hw3/hw3_tests/llrec_tests/llrec_tests --gtest_filter=Filter.Size2_F_nF
==1242== 
Running main() from /home/codio/googletest/googletest/src/gtest_main.cc
Note: Google Test filter = Filter.Size2_F_nF
[==========] Running 1 test from 1 test suite.
[----------] Global test environment set-up.
[----------] 1 test from Filter
[ RUN      ] Filter.Size2_F_nF
[       OK ] Filter.Size2_F_nF (37 ms)
[----------] 1 test from Filter (48 ms total)

[----------] Global test environment tear-down
[==========] 1 test from 1 test suite ran. (107 ms total)
[  PASSED  ] 1 test.
==1242== 
==1242== HEAP SUMMARY:
==1242==     in use at exit: 0 bytes in 0 blocks
==1242==   total heap usage: 415 allocs, 415 frees, 133,316 bytes allocated
==1242== 
==1242== All heap blocks were freed -- no leaks are possible
==1242== 
==1242== For counts of detected and suppressed errors, rerun with: -v
==1242== ERROR SUMMARY: 0 errors from 0 contexts (suppressed: 0 from 0)
<end of output>
Test time =   1.50 sec
----------------------------------------------------------
Test Passed.
"Filter.Size2_F_nF" end time: Feb 28 23:45 UTC
"Filter.Size2_F_nF" time elapsed: 00:00:01
----------------------------------------------------------

18/50 Testing: Filter.Size2_nF_F
18/50 Test: Filter.Size2_nF_F
Command: "/usr/bin/valgrind" "--tool=memcheck" "--leak-check=yes" "--trace-children=no" "--error-exitcode=113" "/home/codio/workspace/hw3/hw3_tests/llrec_tests/llrec_tests" "--gtest_filter=Filter.Size2_nF_F"
Directory: /home/codio/workspace/hw3/hw3_tests/llrec_tests
"Filter.Size2_nF_F" start time: Feb 28 23:45 UTC
Output:
----------------------------------------------------------
==1243== Memcheck, a memory error detector
==1243== Copyright (C) 2002-2017, and GNU GPL'd, by Julian Seward et al.
==1243== Using Valgrind-3.13.0 and LibVEX; rerun with -h for copyright info
==1243== Command: /home/codio/workspace/hw3/hw3_tests/llrec_tests/llrec_tests --gtest_filter=Filter.Size2_nF_F
==1243== 
Running main() from /home/codio/googletest/googletest/src/gtest_main.cc
Note: Google Test filter = Filter.Size2_nF_F
[==========] Running 1 test from 1 test suite.
[----------] Global test environment set-up.
[----------] 1 test from Filter
[ RUN      ] Filter.Size2_nF_F
[       OK ] Filter.Size2_nF_F (31 ms)
[----------] 1 test from Filter (40 ms total)

[----------] Global test environment tear-down
[==========] 1 test from 1 test suite ran. (93 ms total)
[  PASSED  ] 1 test.
==1243== 
==1243== HEAP SUMMARY:
==1243==     in use at exit: 0 bytes in 0 blocks
==1243==   total heap usage: 414 allocs, 414 frees, 133,308 bytes allocated
==1243== 
==1243== All heap blocks were freed -- no leaks are possible
==1243== 
==1243== For counts of detected and suppressed errors, rerun with: -v
==1243== ERROR SUMMARY: 0 errors from 0 contexts (suppressed: 0 from 0)
<end of output>
Test time =   1.50 sec
----------------------------------------------------------
Test Passed.
"Filter.Size2_nF_F" end time: Feb 28 23:45 UTC
"Filter.Size2_nF_F" time elapsed: 00:00:01
----------------------------------------------------------

19/50 Testing: Filter.Size3_nF_F_nF
19/50 Test: Filter.Size3_nF_F_nF
Command: "/usr/bin/valgrind" "--tool=memcheck" "--leak-check=yes" "--trace-children=no" "--error-exitcode=113" "/home/codio/workspace/hw3/hw3_tests/llrec_tests/llrec_tests" "--gtest_filter=Filter.Size3_nF_F_nF"
Directory: /home/codio/workspace/hw3/hw3_tests/llrec_tests
"Filter.Size3_nF_F_nF" start time: Feb 28 23:45 UTC
Output:
----------------------------------------------------------
==1245== Memcheck, a memory error detector
==1245== Copyright (C) 2002-2017, and GNU GPL'd, by Julian Seward et al.
==1245== Using Valgrind-3.13.0 and LibVEX; rerun with -h for copyright info
==1245== Command: /home/codio/workspace/hw3/hw3_tests/llrec_tests/llrec_tests --gtest_filter=Filter.Size3_nF_F_nF
==1245== 
Running main() from /home/codio/googletest/googletest/src/gtest_main.cc
Note: Google Test filter = Filter.Size3_nF_F_nF
[==========] Running 1 test from 1 test suite.
[----------] Global test environment set-up.
[----------] 1 test from Filter
[ RUN      ] Filter.Size3_nF_F_nF
[       OK ] Filter.Size3_nF_F_nF (31 ms)
[----------] 1 test from Filter (41 ms total)

[----------] Global test environment tear-down
[==========] 1 test from 1 test suite ran. (99 ms total)
[  PASSED  ] 1 test.
==1245== 
==1245== HEAP SUMMARY:
==1245==     in use at exit: 0 bytes in 0 blocks
==1245==   total heap usage: 415 allocs, 415 frees, 133,362 bytes allocated
==1245== 
==1245== All heap blocks were freed -- no leaks are possible
==1245== 
==1245== For counts of detected and suppressed errors, rerun with: -v
==1245== ERROR SUMMARY: 0 errors from 0 contexts (suppressed: 0 from 0)
<end of output>
Test time =   1.47 sec
----------------------------------------------------------
Test Passed.
"Filter.Size3_nF_F_nF" end time: Feb 28 23:45 UTC
"Filter.Size3_nF_F_nF" time elapsed: 00:00:01
----------------------------------------------------------

20/50 Testing: Filter.Size3_F_nF_F
20/50 Test: Filter.Size3_F_nF_F
Command: "/usr/bin/valgrind" "--tool=memcheck" "--leak-check=yes" "--trace-children=no" "--error-exitcode=113" "/home/codio/workspace/hw3/hw3_tests/llrec_tests/llrec_tests" "--gtest_filter=Filter.Size3_F_nF_F"
Directory: /home/codio/workspace/hw3/hw3_tests/llrec_tests
"Filter.Size3_F_nF_F" start time: Feb 28 23:45 UTC
Output:
----------------------------------------------------------
==1246== Memcheck, a memory error detector
==1246== Copyright (C) 2002-2017, and GNU GPL'd, by Julian Seward et al.
==1246== Using Valgrind-3.13.0 and LibVEX; rerun with -h for copyright info
==1246== Command: /home/codio/workspace/hw3/hw3_tests/llrec_tests/llrec_tests --gtest_filter=Filter.Size3_F_nF_F
==1246== 
Running main() from /home/codio/googletest/googletest/src/gtest_main.cc
Note: Google Test filter = Filter.Size3_F_nF_F
[==========] Running 1 test from 1 test suite.
[----------] Global test environment set-up.
[----------] 1 test from Filter
[ RUN      ] Filter.Size3_F_nF_F
[       OK ] Filter.Size3_F_nF_F (32 ms)
[----------] 1 test from Filter (43 ms total)

[----------] Global test environment tear-down
[==========] 1 test from 1 test suite ran. (98 ms total)
[  PASSED  ] 1 test.
==1246== 
==1246== HEAP SUMMARY:
==1246==     in use at exit: 0 bytes in 0 blocks
==1246==   total heap usage: 415 allocs, 415 frees, 133,348 bytes allocated
==1246== 
==1246== All heap blocks were freed -- no leaks are possible
==1246== 
==1246== For counts of detected and suppressed errors, rerun with: -v
==1246== ERROR SUMMARY: 0 errors from 0 contexts (suppressed: 0 from 0)
<end of output>
Test time =   1.48 sec
----------------------------------------------------------
Test Passed.
"Filter.Size3_F_nF_F" end time: Feb 28 23:45 UTC
"Filter.Size3_F_nF_F" time elapsed: 00:00:01
----------------------------------------------------------

21/50 Testing: Filter.SameNodeCheck
21/50 Test: Filter.SameNodeCheck
Command: "/usr/bin/valgrind" "--tool=memcheck" "--leak-check=yes" "--trace-children=no" "--error-exitcode=113" "/home/codio/workspace/hw3/hw3_tests/llrec_tests/llrec_tests" "--gtest_filter=Filter.SameNodeCheck"
Directory: /home/codio/workspace/hw3/hw3_tests/llrec_tests
"Filter.SameNodeCheck" start time: Feb 28 23:45 UTC
Output:
----------------------------------------------------------
==1247== Memcheck, a memory error detector
==1247== Copyright (C) 2002-2017, and GNU GPL'd, by Julian Seward et al.
==1247== Using Valgrind-3.13.0 and LibVEX; rerun with -h for copyright info
==1247== Command: /home/codio/workspace/hw3/hw3_tests/llrec_tests/llrec_tests --gtest_filter=Filter.SameNodeCheck
==1247== 
Running main() from /home/codio/googletest/googletest/src/gtest_main.cc
Note: Google Test filter = Filter.SameNodeCheck
[==========] Running 1 test from 1 test suite.
[----------] Global test environment set-up.
[----------] 1 test from Filter
[ RUN      ] Filter.SameNodeCheck
[       OK ] Filter.SameNodeCheck (58 ms)
[----------] 1 test from Filter (69 ms total)

[----------] Global test environment tear-down
[==========] 1 test from 1 test suite ran. (131 ms total)
[  PASSED  ] 1 test.
==1247== 
==1247== HEAP SUMMARY:
==1247==     in use at exit: 0 bytes in 0 blocks
==1247==   total heap usage: 420 allocs, 420 frees, 133,458 bytes allocated
==1247== 
==1247== All heap blocks were freed -- no leaks are possible
==1247== 
==1247== For counts of detected and suppressed errors, rerun with: -v
==1247== ERROR SUMMARY: 0 errors from 0 contexts (suppressed: 0 from 0)
<end of output>
Test time =   1.54 sec
----------------------------------------------------------
Test Passed.
"Filter.SameNodeCheck" end time: Feb 28 23:45 UTC
"Filter.SameNodeCheck" time elapsed: 00:00:01
----------------------------------------------------------

22/50 Testing: Filter.MultipleCalls
22/50 Test: Filter.MultipleCalls
Command: "/usr/bin/valgrind" "--tool=memcheck" "--leak-check=yes" "--trace-children=no" "--error-exitcode=113" "/home/codio/workspace/hw3/hw3_tests/llrec_tests/llrec_tests" "--gtest_filter=Filter.MultipleCalls"
Directory: /home/codio/workspace/hw3/hw3_tests/llrec_tests
"Filter.MultipleCalls" start time: Feb 28 23:45 UTC
Output:
----------------------------------------------------------
==1248== Memcheck, a memory error detector
==1248== Copyright (C) 2002-2017, and GNU GPL'd, by Julian Seward et al.
==1248== Using Valgrind-3.13.0 and LibVEX; rerun with -h for copyright info
==1248== Command: /home/codio/workspace/hw3/hw3_tests/llrec_tests/llrec_tests --gtest_filter=Filter.MultipleCalls
==1248== 
Running main() from /home/codio/googletest/googletest/src/gtest_main.cc
Note: Google Test filter = Filter.MultipleCalls
[==========] Running 1 test from 1 test suite.
[----------] Global test environment set-up.
[----------] 1 test from Filter
[ RUN      ] Filter.MultipleCalls
[       OK ] Filter.MultipleCalls (34 ms)
[----------] 1 test from Filter (43 ms total)

[----------] Global test environment tear-down
[==========] 1 test from 1 test suite ran. (110 ms total)
[  PASSED  ] 1 test.
==1248== 
==1248== HEAP SUMMARY:
==1248==     in use at exit: 0 bytes in 0 blocks
==1248==   total heap usage: 420 allocs, 420 frees, 133,458 bytes allocated
==1248== 
==1248== All heap blocks were freed -- no leaks are possible
==1248== 
==1248== For counts of detected and suppressed errors, rerun with: -v
==1248== ERROR SUMMARY: 0 errors from 0 contexts (suppressed: 0 from 0)
<end of output>
Test time =   1.54 sec
----------------------------------------------------------
Test Passed.
"Filter.MultipleCalls" end time: Feb 28 23:45 UTC
"Filter.MultipleCalls" time elapsed: 00:00:01
----------------------------------------------------------

23/50 Testing: Filter.CompareWithLlrec
23/50 Test: Filter.CompareWithLlrec
Command: "/usr/bin/valgrind" "--tool=memcheck" "--leak-check=yes" "--trace-children=no" "--error-exitcode=113" "/home/codio/workspace/hw3/hw3_tests/llrec_tests/llrec_tests" "--gtest_filter=Filter.CompareWithLlrec"
Directory: /home/codio/workspace/hw3/hw3_tests/llrec_tests
"Filter.CompareWithLlrec" start time: Feb 28 23:45 UTC
Output:
----------------------------------------------------------
==1249== Memcheck, a memory error detector
==1249== Copyright (C) 2002-2017, and GNU GPL'd, by Julian Seward et al.
==1249== Using Valgrind-3.13.0 and LibVEX; rerun with -h for copyright info
==1249== Command: /home/codio/workspace/hw3/hw3_tests/llrec_tests/llrec_tests --gtest_filter=Filter.CompareWithLlrec
==1249== 
Running main() from /home/codio/googletest/googletest/src/gtest_main.cc
Note: Google Test filter = Filter.CompareWithLlrec
[==========] Running 1 test from 1 test suite.
[----------] Global test environment set-up.
[----------] 1 test from Filter
[ RUN      ] Filter.CompareWithLlrec
[       OK ] Filter.CompareWithLlrec (47 ms)
[----------] 1 test from Filter (58 ms total)

[----------] Global test environment tear-down
[==========] 1 test from 1 test suite ran. (121 ms total)
[  PASSED  ] 1 test.
==1249== 
==1249== HEAP SUMMARY:
==1249==     in use at exit: 0 bytes in 0 blocks
==1249==   total heap usage: 430 allocs, 430 frees, 133,612 bytes allocated
==1249== 
==1249== All heap blocks were freed -- no leaks are possible
==1249== 
==1249== For counts of detected and suppressed errors, rerun with: -v
==1249== ERROR SUMMARY: 0 errors from 0 contexts (suppressed: 0 from 0)
<end of output>
Test time =   1.66 sec
----------------------------------------------------------
Test Passed.
"Filter.CompareWithLlrec" end time: Feb 28 23:45 UTC
"Filter.CompareWithLlrec" time elapsed: 00:00:01
----------------------------------------------------------

24/50 Testing: Stack.BasicString
24/50 Test: Stack.BasicString
Command: "/usr/bin/valgrind" "--tool=memcheck" "--leak-check=yes" "--trace-children=no" "--error-exitcode=113" "/home/codio/workspace/hw3/hw3_tests/stack_tests/stack_tests" "--gtest_filter=Stack.BasicString"
Directory: /home/codio/workspace/hw3/hw3_tests/stack_tests
"Stack.BasicString" start time: Feb 28 23:45 UTC
Output:
----------------------------------------------------------
==1250== Memcheck, a memory error detector
==1250== Copyright (C) 2002-2017, and GNU GPL'd, by Julian Seward et al.
==1250== Using Valgrind-3.13.0 and LibVEX; rerun with -h for copyright info
==1250== Command: /home/codio/workspace/hw3/hw3_tests/stack_tests/stack_tests --gtest_filter=Stack.BasicString
==1250== 
Running main() from /home/codio/googletest/googletest/src/gtest_main.cc
Note: Google Test filter = Stack.BasicString
[==========] Running 1 test from 1 test suite.
[----------] Global test environment set-up.
[----------] 1 test from Stack
[ RUN      ] Stack.BasicString
[       OK ] Stack.BasicString (92 ms)
[----------] 1 test from Stack (102 ms total)

[----------] Global test environment tear-down
[==========] 1 test from 1 test suite ran. (156 ms total)
[  PASSED  ] 1 test.
==1250== 
==1250== HEAP SUMMARY:
==1250==     in use at exit: 0 bytes in 0 blocks
==1250==   total heap usage: 230 allocs, 230 frees, 120,594 bytes allocated
==1250== 
==1250== All heap blocks were freed -- no leaks are possible
==1250== 
==1250== For counts of detected and suppressed errors, rerun with: -v
==1250== ERROR SUMMARY: 0 errors from 0 contexts (suppressed: 0 from 0)
<end of output>
Test time =   1.56 sec
----------------------------------------------------------
Test Passed.
"Stack.BasicString" end time: Feb 28 23:45 UTC
"Stack.BasicString" time elapsed: 00:00:01
----------------------------------------------------------

25/50 Testing: Stack.RandomInt
25/50 Test: Stack.RandomInt
Command: "/usr/bin/valgrind" "--tool=memcheck" "--leak-check=yes" "--trace-children=no" "--error-exitcode=113" "/home/codio/workspace/hw3/hw3_tests/stack_tests/stack_tests" "--gtest_filter=Stack.RandomInt"
Directory: /home/codio/workspace/hw3/hw3_tests/stack_tests
"Stack.RandomInt" start time: Feb 28 23:45 UTC
Output:
----------------------------------------------------------
==1251== Memcheck, a memory error detector
==1251== Copyright (C) 2002-2017, and GNU GPL'd, by Julian Seward et al.
==1251== Using Valgrind-3.13.0 and LibVEX; rerun with -h for copyright info
==1251== Command: /home/codio/workspace/hw3/hw3_tests/stack_tests/stack_tests --gtest_filter=Stack.RandomInt
==1251== 
Running main() from /home/codio/googletest/googletest/src/gtest_main.cc
Note: Google Test filter = Stack.RandomInt
[==========] Running 1 test from 1 test suite.
[----------] Global test environment set-up.
[----------] 1 test from Stack
[ RUN      ] Stack.RandomInt
[       OK ] Stack.RandomInt (1636 ms)
[----------] 1 test from Stack (1647 ms total)

[----------] Global test environment tear-down
[==========] 1 test from 1 test suite ran. (1713 ms total)
[  PASSED  ] 1 test.
==1251== 
==1251== HEAP SUMMARY:
==1251==     in use at exit: 0 bytes in 0 blocks
==1251==   total heap usage: 21,262 allocs, 21,262 frees, 1,081,433 bytes allocated
==1251== 
==1251== All heap blocks were freed -- no leaks are possible
==1251== 
==1251== For counts of detected and suppressed errors, rerun with: -v
==1251== ERROR SUMMARY: 0 errors from 0 contexts (suppressed: 0 from 0)
<end of output>
Test time =   3.06 sec
----------------------------------------------------------
Test Passed.
"Stack.RandomInt" end time: Feb 28 23:45 UTC
"Stack.RandomInt" time elapsed: 00:00:03
----------------------------------------------------------

26/50 Testing: HeapTest.ConstructionDestruction
26/50 Test: HeapTest.ConstructionDestruction
Command: "/usr/bin/valgrind" "--tool=memcheck" "--leak-check=yes" "--trace-children=no" "--error-exitcode=113" "/home/codio/workspace/hw3/hw3_tests/heap_tests/heap_tests" "--gtest_filter=HeapTest.ConstructionDestruction"
Directory: /home/codio/workspace/hw3/hw3_tests/heap_tests
"HeapTest.ConstructionDestruction" start time: Feb 28 23:45 UTC
Output:
----------------------------------------------------------
==1252== Memcheck, a memory error detector
==1252== Copyright (C) 2002-2017, and GNU GPL'd, by Julian Seward et al.
==1252== Using Valgrind-3.13.0 and LibVEX; rerun with -h for copyright info
==1252== Command: /home/codio/workspace/hw3/hw3_tests/heap_tests/heap_tests --gtest_filter=HeapTest.ConstructionDestruction
==1252== 
Running main() from /home/codio/googletest/googletest/src/gtest_main.cc
Note: Google Test filter = HeapTest.ConstructionDestruction
[==========] Running 1 test from 1 test suite.
[----------] Global test environment set-up.
[----------] 1 test from HeapTest
[ RUN      ] HeapTest.ConstructionDestruction
[       OK ] HeapTest.ConstructionDestruction (18 ms)
[----------] 1 test from HeapTest (29 ms total)

[----------] Global test environment tear-down
[==========] 1 test from 1 test suite ran. (86 ms total)
[  PASSED  ] 1 test.
==1252== 
==1252== HEAP SUMMARY:
==1252==     in use at exit: 0 bytes in 0 blocks
==1252==   total heap usage: 468 allocs, 468 frees, 135,793 bytes allocated
==1252== 
==1252== All heap blocks were freed -- no leaks are possible
==1252== 
==1252== For counts of detected and suppressed errors, rerun with: -v
==1252== ERROR SUMMARY: 0 errors from 0 contexts (suppressed: 0 from 0)
<end of output>
Test time =   1.49 sec
----------------------------------------------------------
Test Passed.
"HeapTest.ConstructionDestruction" end time: Feb 28 23:45 UTC
"HeapTest.ConstructionDestruction" time elapsed: 00:00:01
----------------------------------------------------------

27/50 Testing: HeapTest.InitiallyEmpty
27/50 Test: HeapTest.InitiallyEmpty
Command: "/usr/bin/valgrind" "--tool=memcheck" "--leak-check=yes" "--trace-children=no" "--error-exitcode=113" "/home/codio/workspace/hw3/hw3_tests/heap_tests/heap_tests" "--gtest_filter=HeapTest.InitiallyEmpty"
Directory: /home/codio/workspace/hw3/hw3_tests/heap_tests
"HeapTest.InitiallyEmpty" start time: Feb 28 23:45 UTC
Output:
----------------------------------------------------------
==1253== Memcheck, a memory error detector
==1253== Copyright (C) 2002-2017, and GNU GPL'd, by Julian Seward et al.
==1253== Using Valgrind-3.13.0 and LibVEX; rerun with -h for copyright info
==1253== Command: /home/codio/workspace/hw3/hw3_tests/heap_tests/heap_tests --gtest_filter=HeapTest.InitiallyEmpty
==1253== 
Running main() from /home/codio/googletest/googletest/src/gtest_main.cc
Note: Google Test filter = HeapTest.InitiallyEmpty
[==========] Running 1 test from 1 test suite.
[----------] Global test environment set-up.
[----------] 1 test from HeapTest
[ RUN      ] HeapTest.InitiallyEmpty
[       OK ] HeapTest.InitiallyEmpty (19 ms)
[----------] 1 test from HeapTest (28 ms total)

[----------] Global test environment tear-down
[==========] 1 test from 1 test suite ran. (81 ms total)
[  PASSED  ] 1 test.
==1253== 
==1253== HEAP SUMMARY:
==1253==     in use at exit: 0 bytes in 0 blocks
==1253==   total heap usage: 468 allocs, 468 frees, 135,697 bytes allocated
==1253== 
==1253== All heap blocks were freed -- no leaks are possible
==1253== 
==1253== For counts of detected and suppressed errors, rerun with: -v
==1253== ERROR SUMMARY: 0 errors from 0 contexts (suppressed: 0 from 0)
<end of output>
Test time =   1.48 sec
----------------------------------------------------------
Test Passed.
"HeapTest.InitiallyEmpty" end time: Feb 28 23:45 UTC
"HeapTest.InitiallyEmpty" time elapsed: 00:00:01
----------------------------------------------------------

28/50 Testing: HeapTest.EmptyTopException
28/50 Test: HeapTest.EmptyTopException
Command: "/usr/bin/valgrind" "--tool=memcheck" "--leak-check=yes" "--trace-children=no" "--error-exitcode=113" "/home/codio/workspace/hw3/hw3_tests/heap_tests/heap_tests" "--gtest_filter=HeapTest.EmptyTopException"
Directory: /home/codio/workspace/hw3/hw3_tests/heap_tests
"HeapTest.EmptyTopException" start time: Feb 28 23:45 UTC
Output:
----------------------------------------------------------
==1254== Memcheck, a memory error detector
==1254== Copyright (C) 2002-2017, and GNU GPL'd, by Julian Seward et al.
==1254== Using Valgrind-3.13.0 and LibVEX; rerun with -h for copyright info
==1254== Command: /home/codio/workspace/hw3/hw3_tests/heap_tests/heap_tests --gtest_filter=HeapTest.EmptyTopException
==1254== 
Running main() from /home/codio/googletest/googletest/src/gtest_main.cc
Note: Google Test filter = HeapTest.EmptyTopException
[==========] Running 1 test from 1 test suite.
[----------] Global test environment set-up.
[----------] 1 test from HeapTest
[ RUN      ] HeapTest.EmptyTopException
[       OK ] HeapTest.EmptyTopException (67 ms)
[----------] 1 test from HeapTest (77 ms total)

[----------] Global test environment tear-down
[==========] 1 test from 1 test suite ran. (133 ms total)
[  PASSED  ] 1 test.
==1254== 
==1254== HEAP SUMMARY:
==1254==     in use at exit: 0 bytes in 0 blocks
==1254==   total heap usage: 470 allocs, 470 frees, 135,906 bytes allocated
==1254== 
==1254== All heap blocks were freed -- no leaks are possible
==1254== 
==1254== For counts of detected and suppressed errors, rerun with: -v
==1254== ERROR SUMMARY: 0 errors from 0 contexts (suppressed: 0 from 0)
<end of output>
Test time =   1.54 sec
----------------------------------------------------------
Test Passed.
"HeapTest.EmptyTopException" end time: Feb 28 23:45 UTC
"HeapTest.EmptyTopException" time elapsed: 00:00:01
----------------------------------------------------------

29/50 Testing: HeapTest.EmptyPopException
29/50 Test: HeapTest.EmptyPopException
Command: "/usr/bin/valgrind" "--tool=memcheck" "--leak-check=yes" "--trace-children=no" "--error-exitcode=113" "/home/codio/workspace/hw3/hw3_tests/heap_tests/heap_tests" "--gtest_filter=HeapTest.EmptyPopException"
Directory: /home/codio/workspace/hw3/hw3_tests/heap_tests
"HeapTest.EmptyPopException" start time: Feb 28 23:45 UTC
Output:
----------------------------------------------------------
==1255== Memcheck, a memory error detector
==1255== Copyright (C) 2002-2017, and GNU GPL'd, by Julian Seward et al.
==1255== Using Valgrind-3.13.0 and LibVEX; rerun with -h for copyright info
==1255== Command: /home/codio/workspace/hw3/hw3_tests/heap_tests/heap_tests --gtest_filter=HeapTest.EmptyPopException
==1255== 
Running main() from /home/codio/googletest/googletest/src/gtest_main.cc
Note: Google Test filter = HeapTest.EmptyPopException
[==========] Running 1 test from 1 test suite.
[----------] Global test environment set-up.
[----------] 1 test from HeapTest
[ RUN      ] HeapTest.EmptyPopException
[       OK ] HeapTest.EmptyPopException (58 ms)
[----------] 1 test from HeapTest (67 ms total)

[----------] Global test environment tear-down
[==========] 1 test from 1 test suite ran. (118 ms total)
[  PASSED  ] 1 test.
==1255== 
==1255== HEAP SUMMARY:
==1255==     in use at exit: 0 bytes in 0 blocks
==1255==   total heap usage: 470 allocs, 470 frees, 135,906 bytes allocated
==1255== 
==1255== All heap blocks were freed -- no leaks are possible
==1255== 
==1255== For counts of detected and suppressed errors, rerun with: -v
==1255== ERROR SUMMARY: 0 errors from 0 contexts (suppressed: 0 from 0)
<end of output>
Test time =   1.56 sec
----------------------------------------------------------
Test Passed.
"HeapTest.EmptyPopException" end time: Feb 28 23:45 UTC
"HeapTest.EmptyPopException" time elapsed: 00:00:01
----------------------------------------------------------

30/50 Testing: HeapTest.SingleItemNonempty
30/50 Test: HeapTest.SingleItemNonempty
Command: "/usr/bin/valgrind" "--tool=memcheck" "--leak-check=yes" "--trace-children=no" "--error-exitcode=113" "/home/codio/workspace/hw3/hw3_tests/heap_tests/heap_tests" "--gtest_filter=HeapTest.SingleItemNonempty"
Directory: /home/codio/workspace/hw3/hw3_tests/heap_tests
"HeapTest.SingleItemNonempty" start time: Feb 28 23:45 UTC
Output:
----------------------------------------------------------
==1256== Memcheck, a memory error detector
==1256== Copyright (C) 2002-2017, and GNU GPL'd, by Julian Seward et al.
==1256== Using Valgrind-3.13.0 and LibVEX; rerun with -h for copyright info
==1256== Command: /home/codio/workspace/hw3/hw3_tests/heap_tests/heap_tests --gtest_filter=HeapTest.SingleItemNonempty
==1256== 
Running main() from /home/codio/googletest/googletest/src/gtest_main.cc
Note: Google Test filter = HeapTest.SingleItemNonempty
[==========] Running 1 test from 1 test suite.
[----------] Global test environment set-up.
[----------] 1 test from HeapTest
[ RUN      ] HeapTest.SingleItemNonempty
[       OK ] HeapTest.SingleItemNonempty (23 ms)
[----------] 1 test from HeapTest (33 ms total)

[----------] Global test environment tear-down
[==========] 1 test from 1 test suite ran. (83 ms total)
[  PASSED  ] 1 test.
==1256== 
==1256== HEAP SUMMARY:
==1256==     in use at exit: 0 bytes in 0 blocks
==1256==   total heap usage: 469 allocs, 469 frees, 135,741 bytes allocated
==1256== 
==1256== All heap blocks were freed -- no leaks are possible
==1256== 
==1256== For counts of detected and suppressed errors, rerun with: -v
==1256== ERROR SUMMARY: 0 errors from 0 contexts (suppressed: 0 from 0)
<end of output>
Test time =   1.54 sec
----------------------------------------------------------
Test Passed.
"HeapTest.SingleItemNonempty" end time: Feb 28 23:45 UTC
"HeapTest.SingleItemNonempty" time elapsed: 00:00:01
----------------------------------------------------------

31/50 Testing: HeapTest.SingleItemPush
31/50 Test: HeapTest.SingleItemPush
Command: "/usr/bin/valgrind" "--tool=memcheck" "--leak-check=yes" "--trace-children=no" "--error-exitcode=113" "/home/codio/workspace/hw3/hw3_tests/heap_tests/heap_tests" "--gtest_filter=HeapTest.SingleItemPush"
Directory: /home/codio/workspace/hw3/hw3_tests/heap_tests
"HeapTest.SingleItemPush" start time: Feb 28 23:45 UTC
Output:
----------------------------------------------------------
==1257== Memcheck, a memory error detector
==1257== Copyright (C) 2002-2017, and GNU GPL'd, by Julian Seward et al.
==1257== Using Valgrind-3.13.0 and LibVEX; rerun with -h for copyright info
==1257== Command: /home/codio/workspace/hw3/hw3_tests/heap_tests/heap_tests --gtest_filter=HeapTest.SingleItemPush
==1257== 
Running main() from /home/codio/googletest/googletest/src/gtest_main.cc
Note: Google Test filter = HeapTest.SingleItemPush
[==========] Running 1 test from 1 test suite.
[----------] Global test environment set-up.
[----------] 1 test from HeapTest
[ RUN      ] HeapTest.SingleItemPush
[       OK ] HeapTest.SingleItemPush (26 ms)
[----------] 1 test from HeapTest (35 ms total)

[----------] Global test environment tear-down
[==========] 1 test from 1 test suite ran. (85 ms total)
[  PASSED  ] 1 test.
==1257== 
==1257== HEAP SUMMARY:
==1257==     in use at exit: 0 bytes in 0 blocks
==1257==   total heap usage: 469 allocs, 469 frees, 135,701 bytes allocated
==1257== 
==1257== All heap blocks were freed -- no leaks are possible
==1257== 
==1257== For counts of detected and suppressed errors, rerun with: -v
==1257== ERROR SUMMARY: 0 errors from 0 contexts (suppressed: 0 from 0)
<end of output>
Test time =   1.53 sec
----------------------------------------------------------
Test Passed.
"HeapTest.SingleItemPush" end time: Feb 28 23:45 UTC
"HeapTest.SingleItemPush" time elapsed: 00:00:01
----------------------------------------------------------

32/50 Testing: HeapTest.SingleItemPushPop
32/50 Test: HeapTest.SingleItemPushPop
Command: "/usr/bin/valgrind" "--tool=memcheck" "--leak-check=yes" "--trace-children=no" "--error-exitcode=113" "/home/codio/workspace/hw3/hw3_tests/heap_tests/heap_tests" "--gtest_filter=HeapTest.SingleItemPushPop"
Directory: /home/codio/workspace/hw3/hw3_tests/heap_tests
"HeapTest.SingleItemPushPop" start time: Feb 28 23:45 UTC
Output:
----------------------------------------------------------
==1258== Memcheck, a memory error detector
==1258== Copyright (C) 2002-2017, and GNU GPL'd, by Julian Seward et al.
==1258== Using Valgrind-3.13.0 and LibVEX; rerun with -h for copyright info
==1258== Command: /home/codio/workspace/hw3/hw3_tests/heap_tests/heap_tests --gtest_filter=HeapTest.SingleItemPushPop
==1258== 
Running main() from /home/codio/googletest/googletest/src/gtest_main.cc
Note: Google Test filter = HeapTest.SingleItemPushPop
[==========] Running 1 test from 1 test suite.
[----------] Global test environment set-up.
[----------] 1 test from HeapTest
[ RUN      ] HeapTest.SingleItemPushPop
[       OK ] HeapTest.SingleItemPushPop (26 ms)
[----------] 1 test from HeapTest (35 ms total)

[----------] Global test environment tear-down
[==========] 1 test from 1 test suite ran. (86 ms total)
[  PASSED  ] 1 test.
==1258== 
==1258== HEAP SUMMARY:
==1258==     in use at exit: 0 bytes in 0 blocks
==1258==   total heap usage: 469 allocs, 469 frees, 135,731 bytes allocated
==1258== 
==1258== All heap blocks were freed -- no leaks are possible
==1258== 
==1258== For counts of detected and suppressed errors, rerun with: -v
==1258== ERROR SUMMARY: 0 errors from 0 contexts (suppressed: 0 from 0)
<end of output>
Test time =   1.46 sec
----------------------------------------------------------
Test Passed.
"HeapTest.SingleItemPushPop" end time: Feb 28 23:45 UTC
"HeapTest.SingleItemPushPop" time elapsed: 00:00:01
----------------------------------------------------------

33/50 Testing: HeapTest.TwoElementPush_LowPriFirst
33/50 Test: HeapTest.TwoElementPush_LowPriFirst
Command: "/usr/bin/valgrind" "--tool=memcheck" "--leak-check=yes" "--trace-children=no" "--error-exitcode=113" "/home/codio/workspace/hw3/hw3_tests/heap_tests/heap_tests" "--gtest_filter=HeapTest.TwoElementPush_LowPriFirst"
Directory: /home/codio/workspace/hw3/hw3_tests/heap_tests
"HeapTest.TwoElementPush_LowPriFirst" start time: Feb 28 23:45 UTC
Output:
----------------------------------------------------------
==1259== Memcheck, a memory error detector
==1259== Copyright (C) 2002-2017, and GNU GPL'd, by Julian Seward et al.
==1259== Using Valgrind-3.13.0 and LibVEX; rerun with -h for copyright info
==1259== Command: /home/codio/workspace/hw3/hw3_tests/heap_tests/heap_tests --gtest_filter=HeapTest.TwoElementPush_LowPriFirst
==1259== 
Running main() from /home/codio/googletest/googletest/src/gtest_main.cc
Note: Google Test filter = HeapTest.TwoElementPush_LowPriFirst
[==========] Running 1 test from 1 test suite.
[----------] Global test environment set-up.
[----------] 1 test from HeapTest
[ RUN      ] HeapTest.TwoElementPush_LowPriFirst
[       OK ] HeapTest.TwoElementPush_LowPriFirst (30 ms)
[----------] 1 test from HeapTest (39 ms total)

[----------] Global test environment tear-down
[==========] 1 test from 1 test suite ran. (90 ms total)
[  PASSED  ] 1 test.
==1259== 
==1259== HEAP SUMMARY:
==1259==     in use at exit: 0 bytes in 0 blocks
==1259==   total heap usage: 470 allocs, 470 frees, 135,844 bytes allocated
==1259== 
==1259== All heap blocks were freed -- no leaks are possible
==1259== 
==1259== For counts of detected and suppressed errors, rerun with: -v
==1259== ERROR SUMMARY: 0 errors from 0 contexts (suppressed: 0 from 0)
<end of output>
Test time =   1.52 sec
----------------------------------------------------------
Test Passed.
"HeapTest.TwoElementPush_LowPriFirst" end time: Feb 28 23:45 UTC
"HeapTest.TwoElementPush_LowPriFirst" time elapsed: 00:00:01
----------------------------------------------------------

34/50 Testing: HeapTest.TwoElementPush_HighPriFirst
34/50 Test: HeapTest.TwoElementPush_HighPriFirst
Command: "/usr/bin/valgrind" "--tool=memcheck" "--leak-check=yes" "--trace-children=no" "--error-exitcode=113" "/home/codio/workspace/hw3/hw3_tests/heap_tests/heap_tests" "--gtest_filter=HeapTest.TwoElementPush_HighPriFirst"
Directory: /home/codio/workspace/hw3/hw3_tests/heap_tests
"HeapTest.TwoElementPush_HighPriFirst" start time: Feb 28 23:45 UTC
Output:
----------------------------------------------------------
==1260== Memcheck, a memory error detector
==1260== Copyright (C) 2002-2017, and GNU GPL'd, by Julian Seward et al.
==1260== Using Valgrind-3.13.0 and LibVEX; rerun with -h for copyright info
==1260== Command: /home/codio/workspace/hw3/hw3_tests/heap_tests/heap_tests --gtest_filter=HeapTest.TwoElementPush_HighPriFirst
==1260== 
Running main() from /home/codio/googletest/googletest/src/gtest_main.cc
Note: Google Test filter = HeapTest.TwoElementPush_HighPriFirst
[==========] Running 1 test from 1 test suite.
[----------] Global test environment set-up.
[----------] 1 test from HeapTest
[ RUN      ] HeapTest.TwoElementPush_HighPriFirst
[       OK ] HeapTest.TwoElementPush_HighPriFirst (30 ms)
[----------] 1 test from HeapTest (39 ms total)

[----------] Global test environment tear-down
[==========] 1 test from 1 test suite ran. (89 ms total)
[  PASSED  ] 1 test.
==1260== 
==1260== HEAP SUMMARY:
==1260==     in use at exit: 0 bytes in 0 blocks
==1260==   total heap usage: 470 allocs, 470 frees, 135,857 bytes allocated
==1260== 
==1260== All heap blocks were freed -- no leaks are possible
==1260== 
==1260== For counts of detected and suppressed errors, rerun with: -v
==1260== ERROR SUMMARY: 0 errors from 0 contexts (suppressed: 0 from 0)
<end of output>
Test time =   1.42 sec
----------------------------------------------------------
Test Passed.
"HeapTest.TwoElementPush_HighPriFirst" end time: Feb 28 23:45 UTC
"HeapTest.TwoElementPush_HighPriFirst" time elapsed: 00:00:01
----------------------------------------------------------

35/50 Testing: HeapTest.Duplicates
35/50 Test: HeapTest.Duplicates
Command: "/usr/bin/valgrind" "--tool=memcheck" "--leak-check=yes" "--trace-children=no" "--error-exitcode=113" "/home/codio/workspace/hw3/hw3_tests/heap_tests/heap_tests" "--gtest_filter=HeapTest.Duplicates"
Directory: /home/codio/workspace/hw3/hw3_tests/heap_tests
"HeapTest.Duplicates" start time: Feb 28 23:45 UTC
Output:
----------------------------------------------------------
==1261== Memcheck, a memory error detector
==1261== Copyright (C) 2002-2017, and GNU GPL'd, by Julian Seward et al.
==1261== Using Valgrind-3.13.0 and LibVEX; rerun with -h for copyright info
==1261== Command: /home/codio/workspace/hw3/hw3_tests/heap_tests/heap_tests --gtest_filter=HeapTest.Duplicates
==1261== 
Running main() from /home/codio/googletest/googletest/src/gtest_main.cc
Note: Google Test filter = HeapTest.Duplicates
[==========] Running 1 test from 1 test suite.
[----------] Global test environment set-up.
[----------] 1 test from HeapTest
[ RUN      ] HeapTest.Duplicates
[       OK ] HeapTest.Duplicates (32 ms)
[----------] 1 test from HeapTest (41 ms total)

[----------] Global test environment tear-down
[==========] 1 test from 1 test suite ran. (94 ms total)
[  PASSED  ] 1 test.
==1261== 
==1261== HEAP SUMMARY:
==1261==     in use at exit: 0 bytes in 0 blocks
==1261==   total heap usage: 471 allocs, 471 frees, 135,685 bytes allocated
==1261== 
==1261== All heap blocks were freed -- no leaks are possible
==1261== 
==1261== For counts of detected and suppressed errors, rerun with: -v
==1261== ERROR SUMMARY: 0 errors from 0 contexts (suppressed: 0 from 0)
<end of output>
Test time =   1.62 sec
----------------------------------------------------------
Test Passed.
"HeapTest.Duplicates" end time: Feb 28 23:45 UTC
"HeapTest.Duplicates" time elapsed: 00:00:01
----------------------------------------------------------

36/50 Testing: HeapTest.NegativeElements
36/50 Test: HeapTest.NegativeElements
Command: "/usr/bin/valgrind" "--tool=memcheck" "--leak-check=yes" "--trace-children=no" "--error-exitcode=113" "/home/codio/workspace/hw3/hw3_tests/heap_tests/heap_tests" "--gtest_filter=HeapTest.NegativeElements"
Directory: /home/codio/workspace/hw3/hw3_tests/heap_tests
"HeapTest.NegativeElements" start time: Feb 28 23:45 UTC
Output:
----------------------------------------------------------
==1262== Memcheck, a memory error detector
==1262== Copyright (C) 2002-2017, and GNU GPL'd, by Julian Seward et al.
==1262== Using Valgrind-3.13.0 and LibVEX; rerun with -h for copyright info
==1262== Command: /home/codio/workspace/hw3/hw3_tests/heap_tests/heap_tests --gtest_filter=HeapTest.NegativeElements
==1262== 
Running main() from /home/codio/googletest/googletest/src/gtest_main.cc
Note: Google Test filter = HeapTest.NegativeElements
[==========] Running 1 test from 1 test suite.
[----------] Global test environment set-up.
[----------] 1 test from HeapTest
[ RUN      ] HeapTest.NegativeElements
[       OK ] HeapTest.NegativeElements (28 ms)
[----------] 1 test from HeapTest (37 ms total)

[----------] Global test environment tear-down
[==========] 1 test from 1 test suite ran. (86 ms total)
[  PASSED  ] 1 test.
==1262== 
==1262== HEAP SUMMARY:
==1262==     in use at exit: 0 bytes in 0 blocks
==1262==   total heap usage: 470 allocs, 470 frees, 135,729 bytes allocated
==1262== 
==1262== All heap blocks were freed -- no leaks are possible
==1262== 
==1262== For counts of detected and suppressed errors, rerun with: -v
==1262== ERROR SUMMARY: 0 errors from 0 contexts (suppressed: 0 from 0)
<end of output>
Test time =   1.72 sec
----------------------------------------------------------
Test Passed.
"HeapTest.NegativeElements" end time: Feb 28 23:45 UTC
"HeapTest.NegativeElements" time elapsed: 00:00:01
----------------------------------------------------------

37/50 Testing: HeapTest.ThreeElementPush_0_5_10
37/50 Test: HeapTest.ThreeElementPush_0_5_10
Command: "/usr/bin/valgrind" "--tool=memcheck" "--leak-check=yes" "--trace-children=no" "--error-exitcode=113" "/home/codio/workspace/hw3/hw3_tests/heap_tests/heap_tests" "--gtest_filter=HeapTest.ThreeElementPush_0_5_10"
Directory: /home/codio/workspace/hw3/hw3_tests/heap_tests
"HeapTest.ThreeElementPush_0_5_10" start time: Feb 28 23:45 UTC
Output:
----------------------------------------------------------
==1263== Memcheck, a memory error detector
==1263== Copyright (C) 2002-2017, and GNU GPL'd, by Julian Seward et al.
==1263== Using Valgrind-3.13.0 and LibVEX; rerun with -h for copyright info
==1263== Command: /home/codio/workspace/hw3/hw3_tests/heap_tests/heap_tests --gtest_filter=HeapTest.ThreeElementPush_0_5_10
==1263== 
Running main() from /home/codio/googletest/googletest/src/gtest_main.cc
Note: Google Test filter = HeapTest.ThreeElementPush_0_5_10
[==========] Running 1 test from 1 test suite.
[----------] Global test environment set-up.
[----------] 1 test from HeapTest
[ RUN      ] HeapTest.ThreeElementPush_0_5_10
[       OK ] HeapTest.ThreeElementPush_0_5_10 (33 ms)
[----------] 1 test from HeapTest (42 ms total)

[----------] Global test environment tear-down
[==========] 1 test from 1 test suite ran. (94 ms total)
[  PASSED  ] 1 test.
==1263== 
==1263== HEAP SUMMARY:
==1263==     in use at exit: 0 bytes in 0 blocks
==1263==   total heap usage: 471 allocs, 471 frees, 135,821 bytes allocated
==1263== 
==1263== All heap blocks were freed -- no leaks are possible
==1263== 
==1263== For counts of detected and suppressed errors, rerun with: -v
==1263== ERROR SUMMARY: 0 errors from 0 contexts (suppressed: 0 from 0)
<end of output>
Test time =   1.47 sec
----------------------------------------------------------
Test Passed.
"HeapTest.ThreeElementPush_0_5_10" end time: Feb 28 23:45 UTC
"HeapTest.ThreeElementPush_0_5_10" time elapsed: 00:00:01
----------------------------------------------------------

38/50 Testing: HeapTest.ThreeElementPush_0_10_5
38/50 Test: HeapTest.ThreeElementPush_0_10_5
Command: "/usr/bin/valgrind" "--tool=memcheck" "--leak-check=yes" "--trace-children=no" "--error-exitcode=113" "/home/codio/workspace/hw3/hw3_tests/heap_tests/heap_tests" "--gtest_filter=HeapTest.ThreeElementPush_0_10_5"
Directory: /home/codio/workspace/hw3/hw3_tests/heap_tests
"HeapTest.ThreeElementPush_0_10_5" start time: Feb 28 23:45 UTC
Output:
----------------------------------------------------------
==1264== Memcheck, a memory error detector
==1264== Copyright (C) 2002-2017, and GNU GPL'd, by Julian Seward et al.
==1264== Using Valgrind-3.13.0 and LibVEX; rerun with -h for copyright info
==1264== Command: /home/codio/workspace/hw3/hw3_tests/heap_tests/heap_tests --gtest_filter=HeapTest.ThreeElementPush_0_10_5
==1264== 
Running main() from /home/codio/googletest/googletest/src/gtest_main.cc
Note: Google Test filter = HeapTest.ThreeElementPush_0_10_5
[==========] Running 1 test from 1 test suite.
[----------] Global test environment set-up.
[----------] 1 test from HeapTest
[ RUN      ] HeapTest.ThreeElementPush_0_10_5
[       OK ] HeapTest.ThreeElementPush_0_10_5 (37 ms)
[----------] 1 test from HeapTest (46 ms total)

[----------] Global test environment tear-down
[==========] 1 test from 1 test suite ran. (99 ms total)
[  PASSED  ] 1 test.
==1264== 
==1264== HEAP SUMMARY:
==1264==     in use at exit: 0 bytes in 0 blocks
==1264==   total heap usage: 471 allocs, 471 frees, 135,821 bytes allocated
==1264== 
==1264== All heap blocks were freed -- no leaks are possible
==1264== 
==1264== For counts of detected and suppressed errors, rerun with: -v
==1264== ERROR SUMMARY: 0 errors from 0 contexts (suppressed: 0 from 0)
<end of output>
Test time =   1.51 sec
----------------------------------------------------------
Test Passed.
"HeapTest.ThreeElementPush_0_10_5" end time: Feb 28 23:45 UTC
"HeapTest.ThreeElementPush_0_10_5" time elapsed: 00:00:01
----------------------------------------------------------

39/50 Testing: HeapTest.ThreeElementPush_5_0_10
39/50 Test: HeapTest.ThreeElementPush_5_0_10
Command: "/usr/bin/valgrind" "--tool=memcheck" "--leak-check=yes" "--trace-children=no" "--error-exitcode=113" "/home/codio/workspace/hw3/hw3_tests/heap_tests/heap_tests" "--gtest_filter=HeapTest.ThreeElementPush_5_0_10"
Directory: /home/codio/workspace/hw3/hw3_tests/heap_tests
"HeapTest.ThreeElementPush_5_0_10" start time: Feb 28 23:45 UTC
Output:
----------------------------------------------------------
==1265== Memcheck, a memory error detector
==1265== Copyright (C) 2002-2017, and GNU GPL'd, by Julian Seward et al.
==1265== Using Valgrind-3.13.0 and LibVEX; rerun with -h for copyright info
==1265== Command: /home/codio/workspace/hw3/hw3_tests/heap_tests/heap_tests --gtest_filter=HeapTest.ThreeElementPush_5_0_10
==1265== 
Running main() from /home/codio/googletest/googletest/src/gtest_main.cc
Note: Google Test filter = HeapTest.ThreeElementPush_5_0_10
[==========] Running 1 test from 1 test suite.
[----------] Global test environment set-up.
[----------] 1 test from HeapTest
[ RUN      ] HeapTest.ThreeElementPush_5_0_10
[       OK ] HeapTest.ThreeElementPush_5_0_10 (39 ms)
[----------] 1 test from HeapTest (49 ms total)

[----------] Global test environment tear-down
[==========] 1 test from 1 test suite ran. (104 ms total)
[  PASSED  ] 1 test.
==1265== 
==1265== HEAP SUMMARY:
==1265==     in use at exit: 0 bytes in 0 blocks
==1265==   total heap usage: 471 allocs, 471 frees, 135,821 bytes allocated
==1265== 
==1265== All heap blocks were freed -- no leaks are possible
==1265== 
==1265== For counts of detected and suppressed errors, rerun with: -v
==1265== ERROR SUMMARY: 0 errors from 0 contexts (suppressed: 0 from 0)
<end of output>
Test time =   1.58 sec
----------------------------------------------------------
Test Passed.
"HeapTest.ThreeElementPush_5_0_10" end time: Feb 28 23:45 UTC
"HeapTest.ThreeElementPush_5_0_10" time elapsed: 00:00:01
----------------------------------------------------------

40/50 Testing: HeapTest.ThreeElementPush_5_10_0
40/50 Test: HeapTest.ThreeElementPush_5_10_0
Command: "/usr/bin/valgrind" "--tool=memcheck" "--leak-check=yes" "--trace-children=no" "--error-exitcode=113" "/home/codio/workspace/hw3/hw3_tests/heap_tests/heap_tests" "--gtest_filter=HeapTest.ThreeElementPush_5_10_0"
Directory: /home/codio/workspace/hw3/hw3_tests/heap_tests
"HeapTest.ThreeElementPush_5_10_0" start time: Feb 28 23:45 UTC
Output:
----------------------------------------------------------
==1266== Memcheck, a memory error detector
==1266== Copyright (C) 2002-2017, and GNU GPL'd, by Julian Seward et al.
==1266== Using Valgrind-3.13.0 and LibVEX; rerun with -h for copyright info
==1266== Command: /home/codio/workspace/hw3/hw3_tests/heap_tests/heap_tests --gtest_filter=HeapTest.ThreeElementPush_5_10_0
==1266== 
Running main() from /home/codio/googletest/googletest/src/gtest_main.cc
Note: Google Test filter = HeapTest.ThreeElementPush_5_10_0
[==========] Running 1 test from 1 test suite.
[----------] Global test environment set-up.
[----------] 1 test from HeapTest
[ RUN      ] HeapTest.ThreeElementPush_5_10_0
[       OK ] HeapTest.ThreeElementPush_5_10_0 (33 ms)
[----------] 1 test from HeapTest (43 ms total)

[----------] Global test environment tear-down
[==========] 1 test from 1 test suite ran. (93 ms total)
[  PASSED  ] 1 test.
==1266== 
==1266== HEAP SUMMARY:
==1266==     in use at exit: 0 bytes in 0 blocks
==1266==   total heap usage: 471 allocs, 471 frees, 135,821 bytes allocated
==1266== 
==1266== All heap blocks were freed -- no leaks are possible
==1266== 
==1266== For counts of detected and suppressed errors, rerun with: -v
==1266== ERROR SUMMARY: 0 errors from 0 contexts (suppressed: 0 from 0)
<end of output>
Test time =   1.45 sec
----------------------------------------------------------
Test Passed.
"HeapTest.ThreeElementPush_5_10_0" end time: Feb 28 23:45 UTC
"HeapTest.ThreeElementPush_5_10_0" time elapsed: 00:00:01
----------------------------------------------------------

41/50 Testing: HeapTest.ThreeElementPush_10_0_5
41/50 Test: HeapTest.ThreeElementPush_10_0_5
Command: "/usr/bin/valgrind" "--tool=memcheck" "--leak-check=yes" "--trace-children=no" "--error-exitcode=113" "/home/codio/workspace/hw3/hw3_tests/heap_tests/heap_tests" "--gtest_filter=HeapTest.ThreeElementPush_10_0_5"
Directory: /home/codio/workspace/hw3/hw3_tests/heap_tests
"HeapTest.ThreeElementPush_10_0_5" start time: Feb 28 23:45 UTC
Output:
----------------------------------------------------------
==1267== Memcheck, a memory error detector
==1267== Copyright (C) 2002-2017, and GNU GPL'd, by Julian Seward et al.
==1267== Using Valgrind-3.13.0 and LibVEX; rerun with -h for copyright info
==1267== Command: /home/codio/workspace/hw3/hw3_tests/heap_tests/heap_tests --gtest_filter=HeapTest.ThreeElementPush_10_0_5
==1267== 
Running main() from /home/codio/googletest/googletest/src/gtest_main.cc
Note: Google Test filter = HeapTest.ThreeElementPush_10_0_5
[==========] Running 1 test from 1 test suite.
[----------] Global test environment set-up.
[----------] 1 test from HeapTest
[ RUN      ] HeapTest.ThreeElementPush_10_0_5
[       OK ] HeapTest.ThreeElementPush_10_0_5 (47 ms)
[----------] 1 test from HeapTest (60 ms total)

[----------] Global test environment tear-down
[==========] 1 test from 1 test suite ran. (131 ms total)
[  PASSED  ] 1 test.
==1267== 
==1267== HEAP SUMMARY:
==1267==     in use at exit: 0 bytes in 0 blocks
==1267==   total heap usage: 471 allocs, 471 frees, 135,821 bytes allocated
==1267== 
==1267== All heap blocks were freed -- no leaks are possible
==1267== 
==1267== For counts of detected and suppressed errors, rerun with: -v
==1267== ERROR SUMMARY: 0 errors from 0 contexts (suppressed: 0 from 0)
<end of output>
Test time =   1.58 sec
----------------------------------------------------------
Test Passed.
"HeapTest.ThreeElementPush_10_0_5" end time: Feb 28 23:45 UTC
"HeapTest.ThreeElementPush_10_0_5" time elapsed: 00:00:01
----------------------------------------------------------

42/50 Testing: HeapTest.ThreeElementPush_10_5_0
42/50 Test: HeapTest.ThreeElementPush_10_5_0
Command: "/usr/bin/valgrind" "--tool=memcheck" "--leak-check=yes" "--trace-children=no" "--error-exitcode=113" "/home/codio/workspace/hw3/hw3_tests/heap_tests/heap_tests" "--gtest_filter=HeapTest.ThreeElementPush_10_5_0"
Directory: /home/codio/workspace/hw3/hw3_tests/heap_tests
"HeapTest.ThreeElementPush_10_5_0" start time: Feb 28 23:45 UTC
Output:
----------------------------------------------------------
==1268== Memcheck, a memory error detector
==1268== Copyright (C) 2002-2017, and GNU GPL'd, by Julian Seward et al.
==1268== Using Valgrind-3.13.0 and LibVEX; rerun with -h for copyright info
==1268== Command: /home/codio/workspace/hw3/hw3_tests/heap_tests/heap_tests --gtest_filter=HeapTest.ThreeElementPush_10_5_0
==1268== 
Running main() from /home/codio/googletest/googletest/src/gtest_main.cc
Note: Google Test filter = HeapTest.ThreeElementPush_10_5_0
[==========] Running 1 test from 1 test suite.
[----------] Global test environment set-up.
[----------] 1 test from HeapTest
[ RUN      ] HeapTest.ThreeElementPush_10_5_0
[       OK ] HeapTest.ThreeElementPush_10_5_0 (40 ms)
[----------] 1 test from HeapTest (52 ms total)

[----------] Global test environment tear-down
[==========] 1 test from 1 test suite ran. (102 ms total)
[  PASSED  ] 1 test.
==1268== 
==1268== HEAP SUMMARY:
==1268==     in use at exit: 0 bytes in 0 blocks
==1268==   total heap usage: 471 allocs, 471 frees, 135,821 bytes allocated
==1268== 
==1268== All heap blocks were freed -- no leaks are possible
==1268== 
==1268== For counts of detected and suppressed errors, rerun with: -v
==1268== ERROR SUMMARY: 0 errors from 0 contexts (suppressed: 0 from 0)
<end of output>
Test time =   1.59 sec
----------------------------------------------------------
Test Passed.
"HeapTest.ThreeElementPush_10_5_0" end time: Feb 28 23:45 UTC
"HeapTest.ThreeElementPush_10_5_0" time elapsed: 00:00:01
----------------------------------------------------------

43/50 Testing: HeapTest.GreaterComparator
43/50 Test: HeapTest.GreaterComparator
Command: "/usr/bin/valgrind" "--tool=memcheck" "--leak-check=yes" "--trace-children=no" "--error-exitcode=113" "/home/codio/workspace/hw3/hw3_tests/heap_tests/heap_tests" "--gtest_filter=HeapTest.GreaterComparator"
Directory: /home/codio/workspace/hw3/hw3_tests/heap_tests
"HeapTest.GreaterComparator" start time: Feb 28 23:45 UTC
Output:
----------------------------------------------------------
==1269== Memcheck, a memory error detector
==1269== Copyright (C) 2002-2017, and GNU GPL'd, by Julian Seward et al.
==1269== Using Valgrind-3.13.0 and LibVEX; rerun with -h for copyright info
==1269== Command: /home/codio/workspace/hw3/hw3_tests/heap_tests/heap_tests --gtest_filter=HeapTest.GreaterComparator
==1269== 
Running main() from /home/codio/googletest/googletest/src/gtest_main.cc
Note: Google Test filter = HeapTest.GreaterComparator
[==========] Running 1 test from 1 test suite.
[----------] Global test environment set-up.
[----------] 1 test from HeapTest
[ RUN      ] HeapTest.GreaterComparator
[       OK ] HeapTest.GreaterComparator (33 ms)
[----------] 1 test from HeapTest (42 ms total)

[----------] Global test environment tear-down
[==========] 1 test from 1 test suite ran. (92 ms total)
[  PASSED  ] 1 test.
==1269== 
==1269== HEAP SUMMARY:
==1269==     in use at exit: 0 bytes in 0 blocks
==1269==   total heap usage: 471 allocs, 471 frees, 135,755 bytes allocated
==1269== 
==1269== All heap blocks were freed -- no leaks are possible
==1269== 
==1269== For counts of detected and suppressed errors, rerun with: -v
==1269== ERROR SUMMARY: 0 errors from 0 contexts (suppressed: 0 from 0)
<end of output>
Test time =   1.61 sec
----------------------------------------------------------
Test Passed.
"HeapTest.GreaterComparator" end time: Feb 28 23:45 UTC
"HeapTest.GreaterComparator" time elapsed: 00:00:01
----------------------------------------------------------

44/50 Testing: HeapTest.StringStorage
44/50 Test: HeapTest.StringStorage
Command: "/usr/bin/valgrind" "--tool=memcheck" "--leak-check=yes" "--trace-children=no" "--error-exitcode=113" "/home/codio/workspace/hw3/hw3_tests/heap_tests/heap_tests" "--gtest_filter=HeapTest.StringStorage"
Directory: /home/codio/workspace/hw3/hw3_tests/heap_tests
"HeapTest.StringStorage" start time: Feb 28 23:45 UTC
Output:
----------------------------------------------------------
==1270== Memcheck, a memory error detector
==1270== Copyright (C) 2002-2017, and GNU GPL'd, by Julian Seward et al.
==1270== Using Valgrind-3.13.0 and LibVEX; rerun with -h for copyright info
==1270== Command: /home/codio/workspace/hw3/hw3_tests/heap_tests/heap_tests --gtest_filter=HeapTest.StringStorage
==1270== 
Running main() from /home/codio/googletest/googletest/src/gtest_main.cc
Note: Google Test filter = HeapTest.StringStorage
[==========] Running 1 test from 1 test suite.
[----------] Global test environment set-up.
[----------] 1 test from HeapTest
[ RUN      ] HeapTest.StringStorage
[       OK ] HeapTest.StringStorage (37 ms)
[----------] 1 test from HeapTest (47 ms total)

[----------] Global test environment tear-down
[==========] 1 test from 1 test suite ran. (109 ms total)
[  PASSED  ] 1 test.
==1270== 
==1270== HEAP SUMMARY:
==1270==     in use at exit: 0 bytes in 0 blocks
==1270==   total heap usage: 471 allocs, 471 frees, 135,911 bytes allocated
==1270== 
==1270== All heap blocks were freed -- no leaks are possible
==1270== 
==1270== For counts of detected and suppressed errors, rerun with: -v
==1270== ERROR SUMMARY: 0 errors from 0 contexts (suppressed: 0 from 0)
<end of output>
Test time =   1.52 sec
----------------------------------------------------------
Test Passed.
"HeapTest.StringStorage" end time: Feb 28 23:45 UTC
"HeapTest.StringStorage" time elapsed: 00:00:01
----------------------------------------------------------

45/50 Testing: HeapTest.FiveElementPush_TrinaryHeap
45/50 Test: HeapTest.FiveElementPush_TrinaryHeap
Command: "/usr/bin/valgrind" "--tool=memcheck" "--leak-check=yes" "--trace-children=no" "--error-exitcode=113" "/home/codio/workspace/hw3/hw3_tests/heap_tests/heap_tests" "--gtest_filter=HeapTest.FiveElementPush_TrinaryHeap"
Directory: /home/codio/workspace/hw3/hw3_tests/heap_tests
"HeapTest.FiveElementPush_TrinaryHeap" start time: Feb 28 23:45 UTC
Output:
----------------------------------------------------------
==1271== Memcheck, a memory error detector
==1271== Copyright (C) 2002-2017, and GNU GPL'd, by Julian Seward et al.
==1271== Using Valgrind-3.13.0 and LibVEX; rerun with -h for copyright info
==1271== Command: /home/codio/workspace/hw3/hw3_tests/heap_tests/heap_tests --gtest_filter=HeapTest.FiveElementPush_TrinaryHeap
==1271== 
Running main() from /home/codio/googletest/googletest/src/gtest_main.cc
Note: Google Test filter = HeapTest.FiveElementPush_TrinaryHeap
[==========] Running 1 test from 1 test suite.
[----------] Global test environment set-up.
[----------] 1 test from HeapTest
[ RUN      ] HeapTest.FiveElementPush_TrinaryHeap
[       OK ] HeapTest.FiveElementPush_TrinaryHeap (35 ms)
[----------] 1 test from HeapTest (44 ms total)

[----------] Global test environment tear-down
[==========] 1 test from 1 test suite ran. (94 ms total)
[  PASSED  ] 1 test.
==1271== 
==1271== HEAP SUMMARY:
==1271==     in use at exit: 0 bytes in 0 blocks
==1271==   total heap usage: 472 allocs, 472 frees, 135,905 bytes allocated
==1271== 
==1271== All heap blocks were freed -- no leaks are possible
==1271== 
==1271== For counts of detected and suppressed errors, rerun with: -v
==1271== ERROR SUMMARY: 0 errors from 0 contexts (suppressed: 0 from 0)
<end of output>
Test time =   1.62 sec
----------------------------------------------------------
Test Passed.
"HeapTest.FiveElementPush_TrinaryHeap" end time: Feb 28 23:46 UTC
"HeapTest.FiveElementPush_TrinaryHeap" time elapsed: 00:00:01
----------------------------------------------------------

46/50 Testing: HeapTest.SixElementPush_QuaternaryHeap
46/50 Test: HeapTest.SixElementPush_QuaternaryHeap
Command: "/usr/bin/valgrind" "--tool=memcheck" "--leak-check=yes" "--trace-children=no" "--error-exitcode=113" "/home/codio/workspace/hw3/hw3_tests/heap_tests/heap_tests" "--gtest_filter=HeapTest.SixElementPush_QuaternaryHeap"
Directory: /home/codio/workspace/hw3/hw3_tests/heap_tests
"HeapTest.SixElementPush_QuaternaryHeap" start time: Feb 28 23:46 UTC
Output:
----------------------------------------------------------
==1272== Memcheck, a memory error detector
==1272== Copyright (C) 2002-2017, and GNU GPL'd, by Julian Seward et al.
==1272== Using Valgrind-3.13.0 and LibVEX; rerun with -h for copyright info
==1272== Command: /home/codio/workspace/hw3/hw3_tests/heap_tests/heap_tests --gtest_filter=HeapTest.SixElementPush_QuaternaryHeap
==1272== 
Running main() from /home/codio/googletest/googletest/src/gtest_main.cc
Note: Google Test filter = HeapTest.SixElementPush_QuaternaryHeap
[==========] Running 1 test from 1 test suite.
[----------] Global test environment set-up.
[----------] 1 test from HeapTest
[ RUN      ] HeapTest.SixElementPush_QuaternaryHeap
[       OK ] HeapTest.SixElementPush_QuaternaryHeap (37 ms)
[----------] 1 test from HeapTest (47 ms total)

[----------] Global test environment tear-down
[==========] 1 test from 1 test suite ran. (98 ms total)
[  PASSED  ] 1 test.
==1272== 
==1272== HEAP SUMMARY:
==1272==     in use at exit: 0 bytes in 0 blocks
==1272==   total heap usage: 472 allocs, 472 frees, 135,931 bytes allocated
==1272== 
==1272== All heap blocks were freed -- no leaks are possible
==1272== 
==1272== For counts of detected and suppressed errors, rerun with: -v
==1272== ERROR SUMMARY: 0 errors from 0 contexts (suppressed: 0 from 0)
<end of output>
Test time =   1.56 sec
----------------------------------------------------------
Test Passed.
"HeapTest.SixElementPush_QuaternaryHeap" end time: Feb 28 23:46 UTC
"HeapTest.SixElementPush_QuaternaryHeap" time elapsed: 00:00:01
----------------------------------------------------------

47/50 Testing: HeapStress.50x50RandomElements_BinaryHeap
47/50 Test: HeapStress.50x50RandomElements_BinaryHeap
Command: "/usr/bin/valgrind" "--tool=memcheck" "--leak-check=yes" "--trace-children=no" "--error-exitcode=113" "/home/codio/workspace/hw3/hw3_tests/heap_tests/heap_tests" "--gtest_filter=HeapStress.50x50RandomElements_BinaryHeap"
Directory: /home/codio/workspace/hw3/hw3_tests/heap_tests
"HeapStress.50x50RandomElements_BinaryHeap" start time: Feb 28 23:46 UTC
Output:
----------------------------------------------------------
==1273== Memcheck, a memory error detector
==1273== Copyright (C) 2002-2017, and GNU GPL'd, by Julian Seward et al.
==1273== Using Valgrind-3.13.0 and LibVEX; rerun with -h for copyright info
==1273== Command: /home/codio/workspace/hw3/hw3_tests/heap_tests/heap_tests --gtest_filter=HeapStress.50x50RandomElements_BinaryHeap
==1273== 
Running main() from /home/codio/googletest/googletest/src/gtest_main.cc
Note: Google Test filter = HeapStress.50x50RandomElements_BinaryHeap
[==========] Running 1 test from 1 test suite.
[----------] Global test environment set-up.
[----------] 1 test from HeapStress
[ RUN      ] HeapStress.50x50RandomElements_BinaryHeap
[       OK ] HeapStress.50x50RandomElements_BinaryHeap (192 ms)
[----------] 1 test from HeapStress (201 ms total)

[----------] Global test environment tear-down
[==========] 1 test from 1 test suite ran. (251 ms total)
[  PASSED  ] 1 test.
==1273== 
==1273== HEAP SUMMARY:
==1273==     in use at exit: 0 bytes in 0 blocks
==1273==   total heap usage: 969 allocs, 969 frees, 183,502 bytes allocated
==1273== 
==1273== All heap blocks were freed -- no leaks are possible
==1273== 
==1273== For counts of detected and suppressed errors, rerun with: -v
==1273== ERROR SUMMARY: 0 errors from 0 contexts (suppressed: 0 from 0)
<end of output>
Test time =   1.62 sec
----------------------------------------------------------
Test Passed.
"HeapStress.50x50RandomElements_BinaryHeap" end time: Feb 28 23:46 UTC
"HeapStress.50x50RandomElements_BinaryHeap" time elapsed: 00:00:01
----------------------------------------------------------

48/50 Testing: HeapStress.50x50RandomElements_QuaternaryHeap
48/50 Test: HeapStress.50x50RandomElements_QuaternaryHeap
Command: "/usr/bin/valgrind" "--tool=memcheck" "--leak-check=yes" "--trace-children=no" "--error-exitcode=113" "/home/codio/workspace/hw3/hw3_tests/heap_tests/heap_tests" "--gtest_filter=HeapStress.50x50RandomElements_QuaternaryHeap"
Directory: /home/codio/workspace/hw3/hw3_tests/heap_tests
"HeapStress.50x50RandomElements_QuaternaryHeap" start time: Feb 28 23:46 UTC
Output:
----------------------------------------------------------
==1274== Memcheck, a memory error detector
==1274== Copyright (C) 2002-2017, and GNU GPL'd, by Julian Seward et al.
==1274== Using Valgrind-3.13.0 and LibVEX; rerun with -h for copyright info
==1274== Command: /home/codio/workspace/hw3/hw3_tests/heap_tests/heap_tests --gtest_filter=HeapStress.50x50RandomElements_QuaternaryHeap
==1274== 
Running main() from /home/codio/googletest/googletest/src/gtest_main.cc
Note: Google Test filter = HeapStress.50x50RandomElements_QuaternaryHeap
[==========] Running 1 test from 1 test suite.
[----------] Global test environment set-up.
[----------] 1 test from HeapStress
[ RUN      ] HeapStress.50x50RandomElements_QuaternaryHeap
[       OK ] HeapStress.50x50RandomElements_QuaternaryHeap (193 ms)
[----------] 1 test from HeapStress (203 ms total)

[----------] Global test environment tear-down
[==========] 1 test from 1 test suite ran. (254 ms total)
[  PASSED  ] 1 test.
==1274== 
==1274== HEAP SUMMARY:
==1274==     in use at exit: 0 bytes in 0 blocks
==1274==   total heap usage: 969 allocs, 969 frees, 183,554 bytes allocated
==1274== 
==1274== All heap blocks were freed -- no leaks are possible
==1274== 
==1274== For counts of detected and suppressed errors, rerun with: -v
==1274== ERROR SUMMARY: 0 errors from 0 contexts (suppressed: 0 from 0)
<end of output>
Test time =   1.62 sec
----------------------------------------------------------
Test Passed.
"HeapStress.50x50RandomElements_QuaternaryHeap" end time: Feb 28 23:46 UTC
"HeapStress.50x50RandomElements_QuaternaryHeap" time elapsed: 00:00:01
----------------------------------------------------------

49/50 Testing: HeapStress.50x50RandomElements_DodecenaryHeap
49/50 Test: HeapStress.50x50RandomElements_DodecenaryHeap
Command: "/usr/bin/valgrind" "--tool=memcheck" "--leak-check=yes" "--trace-children=no" "--error-exitcode=113" "/home/codio/workspace/hw3/hw3_tests/heap_tests/heap_tests" "--gtest_filter=HeapStress.50x50RandomElements_DodecenaryHeap"
Directory: /home/codio/workspace/hw3/hw3_tests/heap_tests
"HeapStress.50x50RandomElements_DodecenaryHeap" start time: Feb 28 23:46 UTC
Output:
----------------------------------------------------------
==1275== Memcheck, a memory error detector
==1275== Copyright (C) 2002-2017, and GNU GPL'd, by Julian Seward et al.
==1275== Using Valgrind-3.13.0 and LibVEX; rerun with -h for copyright info
==1275== Command: /home/codio/workspace/hw3/hw3_tests/heap_tests/heap_tests --gtest_filter=HeapStress.50x50RandomElements_DodecenaryHeap
==1275== 
Running main() from /home/codio/googletest/googletest/src/gtest_main.cc
Note: Google Test filter = HeapStress.50x50RandomElements_DodecenaryHeap
[==========] Running 1 test from 1 test suite.
[----------] Global test environment set-up.
[----------] 1 test from HeapStress
[ RUN      ] HeapStress.50x50RandomElements_DodecenaryHeap
[       OK ] HeapStress.50x50RandomElements_DodecenaryHeap (194 ms)
[----------] 1 test from HeapStress (203 ms total)

[----------] Global test environment tear-down
[==========] 1 test from 1 test suite ran. (253 ms total)
[  PASSED  ] 1 test.
==1275== 
==1275== HEAP SUMMARY:
==1275==     in use at exit: 0 bytes in 0 blocks
==1275==   total heap usage: 969 allocs, 969 frees, 183,554 bytes allocated
==1275== 
==1275== All heap blocks were freed -- no leaks are possible
==1275== 
==1275== For counts of detected and suppressed errors, rerun with: -v
==1275== ERROR SUMMARY: 0 errors from 0 contexts (suppressed: 0 from 0)
<end of output>
Test time =   1.63 sec
----------------------------------------------------------
Test Passed.
"HeapStress.50x50RandomElements_DodecenaryHeap" end time: Feb 28 23:46 UTC
"HeapStress.50x50RandomElements_DodecenaryHeap" time elapsed: 00:00:01
----------------------------------------------------------

50/50 Testing: HeapStress.2x2000RandomElements_Binary
50/50 Test: HeapStress.2x2000RandomElements_Binary
Command: "/usr/bin/valgrind" "--tool=memcheck" "--leak-check=yes" "--trace-children=no" "--error-exitcode=113" "/home/codio/workspace/hw3/hw3_tests/heap_tests/heap_tests" "--gtest_filter=HeapStress.2x2000RandomElements_Binary"
Directory: /home/codio/workspace/hw3/hw3_tests/heap_tests
"HeapStress.2x2000RandomElements_Binary" start time: Feb 28 23:46 UTC
Output:
----------------------------------------------------------
==1276== Memcheck, a memory error detector
==1276== Copyright (C) 2002-2017, and GNU GPL'd, by Julian Seward et al.
==1276== Using Valgrind-3.13.0 and LibVEX; rerun with -h for copyright info
==1276== Command: /home/codio/workspace/hw3/hw3_tests/heap_tests/heap_tests --gtest_filter=HeapStress.2x2000RandomElements_Binary
==1276== 
Running main() from /home/codio/googletest/googletest/src/gtest_main.cc
Note: Google Test filter = HeapStress.2x2000RandomElements_Binary
[==========] Running 1 test from 1 test suite.
[----------] Global test environment set-up.
[----------] 1 test from HeapStress
[ RUN      ] HeapStress.2x2000RandomElements_Binary
[       OK ] HeapStress.2x2000RandomElements_Binary (219 ms)
[----------] 1 test from HeapStress (228 ms total)

[----------] Global test environment tear-down
[==========] 1 test from 1 test suite ran. (280 ms total)
[  PASSED  ] 1 test.
==1276== 
==1276== HEAP SUMMARY:
==1276==     in use at exit: 0 bytes in 0 blocks
==1276==   total heap usage: 499 allocs, 499 frees, 200,711 bytes allocated
==1276== 
==1276== All heap blocks were freed -- no leaks are possible
==1276== 
==1276== For counts of detected and suppressed errors, rerun with: -v
==1276== ERROR SUMMARY: 0 errors from 0 contexts (suppressed: 0 from 0)
<end of output>
Test time =   1.65 sec
----------------------------------------------------------
Test Passed.
"HeapStress.2x2000RandomElements_Binary" end time: Feb 28 23:46 UTC
"HeapStress.2x2000RandomElements_Binary" time elapsed: 00:00:01
----------------------------------------------------------

End testing: Feb 28 23:46 UTC
